2024-07-06 16:21:25,249 WARNING Fetched data for AAPL is not in the expected format.
2024-07-06 16:23:04,456 WARNING Fetched data for AAPL is not in the expected format.
2024-07-06 16:29:23,895 ERROR Unexpected error for symbol AAPL: 'date'
2024-07-06 16:29:23,903 ERROR Unexpected error for symbol AAPL: 'date'
2024-07-06 16:38:29,209 ERROR Unexpected error for symbol AAPL: 'Value based partial slicing on non-monotonic DatetimeIndexes with non-existing keys is not allowed.'
2024-07-06 16:38:50,319 ERROR Error fetching data for symbol AAPL: HTTPSConnectionPool(host='dataondemand.nasdaq.com', port=443): Max retries exceeded with url: /api/v1/historical/AAPL?apiKey=5hSXmst5GSPX2F2VauxN&startDate=2022-01-01&endDate=2022-12-31 (Caused by ConnectTimeoutError(<urllib3.connection.HTTPSConnection object at 0x000001B80C60EF50>, 'Connection to dataondemand.nasdaq.com timed out. (connect timeout=None)'))
2024-07-06 16:38:51,643 INFO Data saved to CSV at C:/TheTradingRobotPlug/data/polygon\AAPL_data.csv
2024-07-06 16:38:51,680 INFO Data saved to SQL table AAPL_data in database C:/TheTradingRobotPlug/data/trading_data.db
2024-07-06 16:51:00,806 ERROR Unexpected error for symbol AAPL: 'Value based partial slicing on non-monotonic DatetimeIndexes with non-existing keys is not allowed.'
2024-07-06 16:51:08,234 ERROR Error fetching data for symbol AAPL: 404 Client Error:  for url: https://dataondemand.nasdaq.com/api/v1/historical/AAPL?apiKey=5hSXmst5GSPX2F2VauxN&startDate=2022-01-01&endDate=2022-12-31
2024-07-06 16:51:18,346 INFO Data saved to CSV at C:/TheTradingRobotPlug/data/polygon\AAPL_data.csv
2024-07-06 16:51:18,370 INFO Data saved to SQL table AAPL_data in database C:/TheTradingRobotPlug/data/trading_data.db
2024-07-06 16:57:28,900 ERROR Unexpected error for symbol AAPL: 'Value based partial slicing on non-monotonic DatetimeIndexes with non-existing keys is not allowed.'
2024-07-06 16:57:29,175 ERROR Error fetching data for symbol AAPL: 404 Client Error:  for url: https://dataondemand.nasdaq.com/api/v1/historical/AAPL?apiKey=5hSXmst5GSPX2F2VauxN&startDate=2022-01-01&endDate=2022-12-31
2024-07-06 16:57:29,501 INFO Data saved to CSV at C:/TheTradingRobotPlug/data/polygon\AAPL_data.csv
2024-07-06 16:57:29,521 INFO Data saved to SQL table AAPL_data in database C:/TheTradingRobotPlug/data/trading_data.db
2024-07-06 16:58:21,477 ERROR Unexpected error for symbol AAPL: 'Value based partial slicing on non-monotonic DatetimeIndexes with non-existing keys is not allowed.'
2024-07-06 16:58:21,773 ERROR Error fetching data for symbol AAPL: 404 Client Error:  for url: https://dataondemand.nasdaq.com/api/v1/historical/AAPL?apiKey=5hSXmst5GSPX2F2VauxN&startDate=2022-01-01&endDate=2022-12-31
2024-07-06 16:59:26,356 ERROR Unexpected error for symbol AAPL: 'Value based partial slicing on non-monotonic DatetimeIndexes with non-existing keys is not allowed.'
2024-07-06 16:59:26,576 ERROR Error fetching data for symbol AAPL: 404 Client Error:  for url: https://dataondemand.nasdaq.com/api/v1/historical/AAPL?apiKey=5hSXmst5GSPX2F2VauxN&startDate=2022-01-01&endDate=2022-12-31
2024-07-06 17:04:19,899 ERROR Unexpected error for symbol AAPL: name 'logging' is not defined
2024-07-06 17:04:19,900 ERROR Unexpected error for symbol AAPL: name 'logging' is not defined
2024-07-06 17:04:19,900 ERROR Unexpected error for symbol AAPL: name 'logging' is not defined
2024-07-06 17:09:04,893 ERROR Unexpected error for symbol AAPL: 'Value based partial slicing on non-monotonic DatetimeIndexes with non-existing keys is not allowed.'
2024-07-06 17:09:05,379 ERROR Error fetching data for symbol AAPL: 404 Client Error:  for url: https://dataondemand.nasdaq.com/api/v1/historical/AAPL?apiKey=5hSXmst5GSPX2F2VauxN&startDate=2022-01-01&endDate=2022-12-31
2024-07-06 17:11:37,199 ERROR Error fetching data for symbol AAPL: 404 Client Error:  for url: https://dataondemand.nasdaq.com/api/v1/historical/AAPL?apiKey=5hSXmst5GSPX2F2VauxN&startDate=2022-01-01&endDate=2022-12-31
2024-07-06 17:14:58,492 ERROR Error fetching data for symbol AAPL: 404 Client Error:  for url: https://dataondemand.nasdaq.com/api/v1/historical/AAPL?apiKey=5hSXmst5GSPX2F2VauxN&startDate=2022-01-01&endDate=2022-12-31
2024-07-06 17:24:39,064 ERROR Nasdaq: Error fetching data for symbol AAPL: 404 Client Error:  for url: https://dataondemand.nasdaq.com/api/v1/historical/AAPL?apiKey=5hSXmst5GSPX2F2VauxN&startDate=2022-01-01&endDate=2022-12-31
2024-07-06 17:26:59,767 ERROR Nasdaq: Error fetching data for symbol AAPL: 404 Client Error:  for url: https://dataondemand.nasdaq.com/api/v1/historical/AAPL?apiKey=5hSXmst5GSPX2F2VauxN&startDate=2022-01-01&endDate=2022-12-31
2024-07-06 17:29:08,463 ERROR Nasdaq: 404 Client Error - The requested URL was not found on the server.
2024-07-07 18:20:19,892 WARNING AlphaVantage: No data fetched for symbol AAPL
2024-07-07 18:20:19,892 WARNING AlphaVantage: No data fetched for symbol AAPL
2024-07-07 19:54:00,889 ERROR AlphaVantage: Unexpected error for symbol AAPL: Test Exception
2024-07-07 19:54:00,889 ERROR AlphaVantage: Unexpected error for symbol AAPL: Test Exception
2024-07-07 19:54:00,889 ERROR AlphaVantage: Unexpected error for symbol AAPL: Test Exception
2024-07-07 19:54:00,889 ERROR AlphaVantage: Unexpected error for symbol AAPL: Test Exception
2024-07-07 19:54:00,901 WARNING AlphaVantage: No data to save for symbol: AAPL
2024-07-07 19:54:00,901 WARNING AlphaVantage: No data to save for symbol: AAPL
2024-07-07 19:54:00,901 WARNING AlphaVantage: No data to save for symbol: AAPL
2024-07-07 19:54:00,901 WARNING AlphaVantage: No data to save for symbol: AAPL
2024-07-07 19:54:00,901 WARNING AlphaVantage: No data to save for symbol: AAPL
2024-07-07 19:54:00,901 WARNING AlphaVantage: No data to save for symbol: AAPL
2024-07-07 19:55:39,885 ERROR AlphaVantage: Unexpected error for symbol AAPL: Test Exception
2024-07-07 19:55:39,885 ERROR AlphaVantage: Unexpected error for symbol AAPL: Test Exception
2024-07-07 19:55:39,885 ERROR AlphaVantage: Unexpected error for symbol AAPL: Test Exception
2024-07-07 19:55:39,885 ERROR AlphaVantage: Unexpected error for symbol AAPL: Test Exception
2024-07-07 19:55:39,895 WARNING AlphaVantage: No data to save for symbol: AAPL
2024-07-07 19:55:39,895 WARNING AlphaVantage: No data to save for symbol: AAPL
2024-07-07 19:55:39,895 WARNING AlphaVantage: No data to save for symbol: AAPL
2024-07-07 19:55:39,895 WARNING AlphaVantage: No data to save for symbol: AAPL
2024-07-07 19:55:39,895 WARNING AlphaVantage: No data to save for symbol: AAPL
2024-07-07 19:55:39,895 WARNING AlphaVantage: No data to save for symbol: AAPL
2024-07-07 20:05:22,131 ERROR AlphaVantage: Unexpected error for symbol AAPL: Test Exception
2024-07-07 20:05:22,131 ERROR AlphaVantage: Unexpected error for symbol AAPL: Test Exception
2024-07-07 20:05:22,131 ERROR AlphaVantage: Unexpected error for symbol AAPL: Test Exception
2024-07-07 20:05:22,131 ERROR AlphaVantage: Unexpected error for symbol AAPL: Test Exception
2024-07-07 20:05:22,141 WARNING AlphaVantage: No data to save for symbol: AAPL
2024-07-07 20:05:22,141 WARNING AlphaVantage: No data to save for symbol: AAPL
2024-07-07 20:05:22,141 WARNING AlphaVantage: No data to save for symbol: AAPL
2024-07-07 20:05:22,141 WARNING AlphaVantage: No data to save for symbol: AAPL
2024-07-07 20:05:22,141 WARNING AlphaVantage: No data to save for symbol: AAPL
2024-07-07 20:05:22,141 WARNING AlphaVantage: No data to save for symbol: AAPL
2024-07-07 20:07:26,567 ERROR AlphaVantage: Unexpected error for symbol AAPL: Test Exception
2024-07-07 20:07:26,567 ERROR AlphaVantage: Unexpected error for symbol AAPL: Test Exception
2024-07-07 20:07:26,567 ERROR AlphaVantage: Unexpected error for symbol AAPL: Test Exception
2024-07-07 20:07:26,567 ERROR AlphaVantage: Unexpected error for symbol AAPL: Test Exception
2024-07-07 20:07:26,582 WARNING AlphaVantage: No data to save for symbol: AAPL
2024-07-07 20:07:26,582 WARNING AlphaVantage: No data to save for symbol: AAPL
2024-07-07 20:07:26,582 WARNING AlphaVantage: No data to save for symbol: AAPL
2024-07-07 20:07:26,582 WARNING AlphaVantage: No data to save for symbol: AAPL
2024-07-07 20:07:26,582 WARNING AlphaVantage: No data to save for symbol: AAPL
2024-07-07 20:07:26,582 WARNING AlphaVantage: No data to save for symbol: AAPL
2024-07-07 20:32:20,592 ERROR Nasdaq: 404 Client Error - The requested URL was not found on the server.
2024-07-07 20:32:51,430 ERROR AlphaVantage: Unexpected error for symbol AAPL: Test Exception
2024-07-07 20:32:51,430 ERROR AlphaVantage: Unexpected error for symbol AAPL: Test Exception
2024-07-07 20:32:51,430 ERROR AlphaVantage: Unexpected error for symbol AAPL: Test Exception
2024-07-07 20:32:51,430 ERROR AlphaVantage: Unexpected error for symbol AAPL: Test Exception
2024-07-07 20:32:51,438 WARNING AlphaVantage: No data to save for symbol: AAPL
2024-07-07 20:32:51,438 WARNING AlphaVantage: No data to save for symbol: AAPL
2024-07-07 20:32:51,438 WARNING AlphaVantage: No data to save for symbol: AAPL
2024-07-07 20:32:51,438 WARNING AlphaVantage: No data to save for symbol: AAPL
2024-07-07 20:32:51,438 WARNING AlphaVantage: No data to save for symbol: AAPL
2024-07-07 20:32:51,438 WARNING AlphaVantage: No data to save for symbol: AAPL
2024-07-07 20:36:51,762 ERROR Nasdaq: 404 Client Error - The requested URL was not found on the server.
2024-07-07 20:37:00,200 ERROR AlphaVantage: Unexpected error for symbol AAPL: Test Exception
2024-07-07 20:37:00,200 ERROR AlphaVantage: Unexpected error for symbol AAPL: Test Exception
2024-07-07 20:37:00,200 ERROR AlphaVantage: Unexpected error for symbol AAPL: Test Exception
2024-07-07 20:37:00,200 ERROR AlphaVantage: Unexpected error for symbol AAPL: Test Exception
2024-07-07 20:37:00,208 WARNING AlphaVantage: No data to save for symbol: AAPL
2024-07-07 20:37:00,208 WARNING AlphaVantage: No data to save for symbol: AAPL
2024-07-07 20:37:00,208 WARNING AlphaVantage: No data to save for symbol: AAPL
2024-07-07 20:37:00,208 WARNING AlphaVantage: No data to save for symbol: AAPL
2024-07-07 20:37:00,208 WARNING AlphaVantage: No data to save for symbol: AAPL
2024-07-07 20:37:00,208 WARNING AlphaVantage: No data to save for symbol: AAPL
2024-07-07 20:40:19,467 ERROR AlphaVantage: Unexpected error for symbol AAPL: Test Exception
2024-07-07 20:40:19,467 ERROR AlphaVantage: Unexpected error for symbol AAPL: Test Exception
2024-07-07 20:40:19,467 ERROR AlphaVantage: Unexpected error for symbol AAPL: Test Exception
2024-07-07 20:40:19,467 ERROR AlphaVantage: Unexpected error for symbol AAPL: Test Exception
2024-07-07 20:40:19,479 WARNING AlphaVantage: No data to save for symbol: AAPL
2024-07-07 20:40:19,479 WARNING AlphaVantage: No data to save for symbol: AAPL
2024-07-07 20:40:19,479 WARNING AlphaVantage: No data to save for symbol: AAPL
2024-07-07 20:40:19,479 WARNING AlphaVantage: No data to save for symbol: AAPL
2024-07-07 20:40:19,479 WARNING AlphaVantage: No data to save for symbol: AAPL
2024-07-07 20:40:19,479 WARNING AlphaVantage: No data to save for symbol: AAPL
2024-07-07 20:45:17,257 ERROR AlphaVantage: Unexpected error for symbol AAPL: Test Exception
2024-07-07 20:45:17,257 ERROR AlphaVantage: Unexpected error for symbol AAPL: Test Exception
2024-07-07 20:45:17,257 ERROR AlphaVantage: Unexpected error for symbol AAPL: Test Exception
2024-07-07 20:45:17,257 ERROR AlphaVantage: Unexpected error for symbol AAPL: Test Exception
2024-07-07 20:45:17,271 WARNING AlphaVantage: No data to save for symbol: AAPL
2024-07-07 20:45:17,271 WARNING AlphaVantage: No data to save for symbol: AAPL
2024-07-07 20:45:17,271 WARNING AlphaVantage: No data to save for symbol: AAPL
2024-07-07 20:45:17,271 WARNING AlphaVantage: No data to save for symbol: AAPL
2024-07-07 20:45:17,271 WARNING AlphaVantage: No data to save for symbol: AAPL
2024-07-07 20:45:17,271 WARNING AlphaVantage: No data to save for symbol: AAPL
2024-07-07 20:45:17,292 ERROR Nasdaq: Unexpected error for symbol AAPL: Test Exception
2024-07-07 20:45:17,292 ERROR Nasdaq: Unexpected error for symbol AAPL: Test Exception
2024-07-07 20:45:17,292 ERROR Nasdaq: Unexpected error for symbol AAPL: Test Exception
2024-07-07 20:45:17,292 ERROR Nasdaq: Unexpected error for symbol AAPL: Test Exception
2024-07-07 20:45:17,292 ERROR Nasdaq: Unexpected error for symbol AAPL: Test Exception
2024-07-07 20:45:17,292 ERROR Nasdaq: Unexpected error for symbol AAPL: Test Exception
2024-07-07 20:45:17,312 ERROR Polygon: Unexpected error for symbol AAPL: Test Exception
2024-07-07 20:45:17,312 ERROR Polygon: Unexpected error for symbol AAPL: Test Exception
2024-07-07 20:45:17,312 ERROR Polygon: Unexpected error for symbol AAPL: Test Exception
2024-07-07 20:45:17,312 ERROR Polygon: Unexpected error for symbol AAPL: Test Exception
2024-07-07 20:45:17,312 ERROR Polygon: Unexpected error for symbol AAPL: Test Exception
2024-07-07 20:45:17,312 ERROR Polygon: Unexpected error for symbol AAPL: Test Exception
2024-07-07 20:48:22,951 ERROR AlphaVantage: Unexpected error for symbol AAPL: Test Exception
2024-07-07 20:48:22,951 ERROR AlphaVantage: Unexpected error for symbol AAPL: Test Exception
2024-07-07 20:48:22,951 ERROR AlphaVantage: Unexpected error for symbol AAPL: Test Exception
2024-07-07 20:48:22,951 ERROR AlphaVantage: Unexpected error for symbol AAPL: Test Exception
2024-07-07 20:48:22,964 WARNING AlphaVantage: No data to save for symbol: AAPL
2024-07-07 20:48:22,964 WARNING AlphaVantage: No data to save for symbol: AAPL
2024-07-07 20:48:22,964 WARNING AlphaVantage: No data to save for symbol: AAPL
2024-07-07 20:48:22,964 WARNING AlphaVantage: No data to save for symbol: AAPL
2024-07-07 20:48:22,964 WARNING AlphaVantage: No data to save for symbol: AAPL
2024-07-07 20:48:22,964 WARNING AlphaVantage: No data to save for symbol: AAPL
2024-07-07 20:48:22,989 ERROR Nasdaq: Unexpected error for symbol AAPL: Test Exception
2024-07-07 20:48:22,989 ERROR Nasdaq: Unexpected error for symbol AAPL: Test Exception
2024-07-07 20:48:22,989 ERROR Nasdaq: Unexpected error for symbol AAPL: Test Exception
2024-07-07 20:48:22,989 ERROR Nasdaq: Unexpected error for symbol AAPL: Test Exception
2024-07-07 20:48:22,989 ERROR Nasdaq: Unexpected error for symbol AAPL: Test Exception
2024-07-07 20:48:22,989 ERROR Nasdaq: Unexpected error for symbol AAPL: Test Exception
2024-07-07 20:48:23,013 ERROR Polygon: Unexpected error for symbol AAPL: Test Exception
2024-07-07 20:48:23,013 ERROR Polygon: Unexpected error for symbol AAPL: Test Exception
2024-07-07 20:48:23,013 ERROR Polygon: Unexpected error for symbol AAPL: Test Exception
2024-07-07 20:48:23,013 ERROR Polygon: Unexpected error for symbol AAPL: Test Exception
2024-07-07 20:48:23,013 ERROR Polygon: Unexpected error for symbol AAPL: Test Exception
2024-07-07 20:48:23,013 ERROR Polygon: Unexpected error for symbol AAPL: Test Exception
2024-07-07 20:53:33,336 ERROR AlphaVantage: Unexpected error for symbol AAPL: Test Exception
2024-07-07 20:53:33,336 ERROR AlphaVantage: Unexpected error for symbol AAPL: Test Exception
2024-07-07 20:53:33,336 ERROR AlphaVantage: Unexpected error for symbol AAPL: Test Exception
2024-07-07 20:53:33,336 ERROR AlphaVantage: Unexpected error for symbol AAPL: Test Exception
2024-07-07 20:53:33,347 WARNING AlphaVantage: No data to save for symbol: AAPL
2024-07-07 20:53:33,347 WARNING AlphaVantage: No data to save for symbol: AAPL
2024-07-07 20:53:33,347 WARNING AlphaVantage: No data to save for symbol: AAPL
2024-07-07 20:53:33,347 WARNING AlphaVantage: No data to save for symbol: AAPL
2024-07-07 20:53:33,347 WARNING AlphaVantage: No data to save for symbol: AAPL
2024-07-07 20:53:33,347 WARNING AlphaVantage: No data to save for symbol: AAPL
2024-07-07 20:53:33,388 ERROR Nasdaq: Unexpected error for symbol AAPL: Test Exception
2024-07-07 20:53:33,388 ERROR Nasdaq: Unexpected error for symbol AAPL: Test Exception
2024-07-07 20:53:33,388 ERROR Nasdaq: Unexpected error for symbol AAPL: Test Exception
2024-07-07 20:53:33,388 ERROR Nasdaq: Unexpected error for symbol AAPL: Test Exception
2024-07-07 20:53:33,388 ERROR Nasdaq: Unexpected error for symbol AAPL: Test Exception
2024-07-07 20:53:33,388 ERROR Nasdaq: Unexpected error for symbol AAPL: Test Exception
2024-07-07 20:53:33,435 ERROR Polygon: Unexpected error for symbol AAPL: Test Exception
2024-07-07 20:53:33,435 ERROR Polygon: Unexpected error for symbol AAPL: Test Exception
2024-07-07 20:53:33,435 ERROR Polygon: Unexpected error for symbol AAPL: Test Exception
2024-07-07 20:53:33,435 ERROR Polygon: Unexpected error for symbol AAPL: Test Exception
2024-07-07 20:53:33,435 ERROR Polygon: Unexpected error for symbol AAPL: Test Exception
2024-07-07 20:53:33,435 ERROR Polygon: Unexpected error for symbol AAPL: Test Exception
2024-07-07 21:03:12,418 ERROR AlphaVantage: Unexpected error for symbol AAPL: Test Exception
2024-07-07 21:03:12,418 ERROR AlphaVantage: Unexpected error for symbol AAPL: Test Exception
2024-07-07 21:03:12,418 ERROR AlphaVantage: Unexpected error for symbol AAPL: Test Exception
2024-07-07 21:03:12,418 ERROR AlphaVantage: Unexpected error for symbol AAPL: Test Exception
2024-07-07 21:03:12,434 WARNING AlphaVantage: No data to save for symbol: AAPL
2024-07-07 21:03:12,434 WARNING AlphaVantage: No data to save for symbol: AAPL
2024-07-07 21:03:12,434 WARNING AlphaVantage: No data to save for symbol: AAPL
2024-07-07 21:03:12,434 WARNING AlphaVantage: No data to save for symbol: AAPL
2024-07-07 21:03:12,434 WARNING AlphaVantage: No data to save for symbol: AAPL
2024-07-07 21:03:12,434 WARNING AlphaVantage: No data to save for symbol: AAPL
2024-07-07 21:03:12,478 ERROR Nasdaq: Unexpected error for symbol AAPL: Test Exception
2024-07-07 21:03:12,478 ERROR Nasdaq: Unexpected error for symbol AAPL: Test Exception
2024-07-07 21:03:12,478 ERROR Nasdaq: Unexpected error for symbol AAPL: Test Exception
2024-07-07 21:03:12,478 ERROR Nasdaq: Unexpected error for symbol AAPL: Test Exception
2024-07-07 21:03:12,478 ERROR Nasdaq: Unexpected error for symbol AAPL: Test Exception
2024-07-07 21:03:12,478 ERROR Nasdaq: Unexpected error for symbol AAPL: Test Exception
2024-07-07 21:03:12,528 ERROR Polygon: Unexpected error for symbol AAPL: Test Exception
2024-07-07 21:03:12,528 ERROR Polygon: Unexpected error for symbol AAPL: Test Exception
2024-07-07 21:03:12,528 ERROR Polygon: Unexpected error for symbol AAPL: Test Exception
2024-07-07 21:03:12,528 ERROR Polygon: Unexpected error for symbol AAPL: Test Exception
2024-07-07 21:03:12,528 ERROR Polygon: Unexpected error for symbol AAPL: Test Exception
2024-07-07 21:03:12,528 ERROR Polygon: Unexpected error for symbol AAPL: Test Exception
2024-07-07 23:03:42,882 WARNING AlphaVantage: No data fetched for symbol AAPL
2024-07-07 23:03:42,882 WARNING AlphaVantage: No data fetched for symbol AAPL
2024-07-07 23:14:43,436 WARNING AlphaVantage: No data fetched for symbol AAPL
2024-07-07 23:14:43,436 WARNING AlphaVantage: No data fetched for symbol AAPL
2024-07-07 23:16:01,387 WARNING AlphaVantage: No data fetched for symbol AAPL
2024-07-07 23:16:01,387 WARNING AlphaVantage: No data fetched for symbol AAPL
2024-07-07 23:16:19,908 WARNING AlphaVantage: No data fetched for symbol AAPL
2024-07-07 23:16:19,908 WARNING AlphaVantage: No data fetched for symbol AAPL
2024-07-07 23:19:40,421 ERROR AlphaVantage: Unexpected error for symbol AAPL: Test Exception
2024-07-07 23:19:40,421 ERROR AlphaVantage: Unexpected error for symbol AAPL: Test Exception
2024-07-07 23:19:40,421 ERROR AlphaVantage: Unexpected error for symbol AAPL: Test Exception
2024-07-07 23:19:40,421 ERROR AlphaVantage: Unexpected error for symbol AAPL: Test Exception
2024-07-07 23:19:40,440 WARNING AlphaVantage: No data to save for symbol: AAPL
2024-07-07 23:19:40,440 WARNING AlphaVantage: No data to save for symbol: AAPL
2024-07-07 23:19:40,440 WARNING AlphaVantage: No data to save for symbol: AAPL
2024-07-07 23:19:40,440 WARNING AlphaVantage: No data to save for symbol: AAPL
2024-07-07 23:19:40,440 WARNING AlphaVantage: No data to save for symbol: AAPL
2024-07-07 23:19:40,440 WARNING AlphaVantage: No data to save for symbol: AAPL
2024-07-07 23:19:40,478 ERROR Nasdaq: Unexpected error for symbol AAPL: Test Exception
2024-07-07 23:19:40,478 ERROR Nasdaq: Unexpected error for symbol AAPL: Test Exception
2024-07-07 23:19:40,478 ERROR Nasdaq: Unexpected error for symbol AAPL: Test Exception
2024-07-07 23:19:40,478 ERROR Nasdaq: Unexpected error for symbol AAPL: Test Exception
2024-07-07 23:19:40,478 ERROR Nasdaq: Unexpected error for symbol AAPL: Test Exception
2024-07-07 23:19:40,478 ERROR Nasdaq: Unexpected error for symbol AAPL: Test Exception
2024-07-07 23:19:40,516 ERROR Polygon: Unexpected error for symbol AAPL: Test Exception
2024-07-07 23:19:40,516 ERROR Polygon: Unexpected error for symbol AAPL: Test Exception
2024-07-07 23:19:40,516 ERROR Polygon: Unexpected error for symbol AAPL: Test Exception
2024-07-07 23:19:40,516 ERROR Polygon: Unexpected error for symbol AAPL: Test Exception
2024-07-07 23:19:40,516 ERROR Polygon: Unexpected error for symbol AAPL: Test Exception
2024-07-07 23:19:40,516 ERROR Polygon: Unexpected error for symbol AAPL: Test Exception
2024-07-08 20:24:05,967 ERROR Nasdaq: 404 Client Error - The requested URL was not found on the server.
2024-07-08 20:26:27,157 ERROR Nasdaq: 404 Client Error - The requested URL was not found on the server.
2024-07-08 20:34:41,895 ERROR Nasdaq: 404 Client Error - The requested URL was not found on the server.
2024-07-08 21:17:51,770 ERROR Nasdaq: 404 Client Error - The requested URL was not found on the server.
2024-07-08 21:27:19,034 ERROR AlphaVantage: Unexpected error for symbol AAPL: Cannot connect to host www.alphavantage.co:443 ssl:default [getaddrinfo failed]
2024-07-08 21:27:30,236 ERROR Nasdaq: Unexpected error for symbol AAPL: Cannot connect to host dataondemand.nasdaq.com:443 ssl:default [getaddrinfo failed]
2024-07-08 21:27:30,236 ERROR Polygon: Unexpected error for symbol AAPL: Cannot connect to host api.polygon.io:443 ssl:default [getaddrinfo failed]
2024-07-09 03:08:50,082 ERROR Nasdaq: Error fetching data for symbol AAPL: 404 Client Error:  for url: https://dataondemand.nasdaq.com/api/v1/historical/AAPL?apiKey=5hSXmst5GSPX2F2VauxN&startDate=2023-01-01&endDate=2023-12-31
2024-07-09 03:08:50,630 ERROR Nasdaq: Error fetching data for symbol MSFT: 404 Client Error:  for url: https://dataondemand.nasdaq.com/api/v1/historical/MSFT?apiKey=5hSXmst5GSPX2F2VauxN&startDate=2023-01-01&endDate=2023-12-31
2024-07-09 03:08:51,068 ERROR Nasdaq: Error fetching data for symbol GOOG: 404 Client Error:  for url: https://dataondemand.nasdaq.com/api/v1/historical/GOOG?apiKey=5hSXmst5GSPX2F2VauxN&startDate=2023-01-01&endDate=2023-12-31
2024-07-09 04:16:53,008 ERROR Nasdaq: Error fetching data for symbol AAPL: 404 Client Error:  for url: https://dataondemand.nasdaq.com/api/v1/historical/AAPL?apiKey=5hSXmst5GSPX2F2VauxN&startDate=2023-01-01&endDate=2023-12-31
2024-07-09 04:16:54,194 ERROR Nasdaq: Error fetching data for symbol MSFT: 404 Client Error:  for url: https://dataondemand.nasdaq.com/api/v1/historical/MSFT?apiKey=5hSXmst5GSPX2F2VauxN&startDate=2023-01-01&endDate=2023-12-31
2024-07-09 04:16:55,225 ERROR Nasdaq: Error fetching data for symbol GOOG: 404 Client Error:  for url: https://dataondemand.nasdaq.com/api/v1/historical/GOOG?apiKey=5hSXmst5GSPX2F2VauxN&startDate=2023-01-01&endDate=2023-12-31
2024-07-09 04:24:47,545 ERROR Nasdaq: Error fetching data for symbol AAPL: 404 Client Error:  for url: https://dataondemand.nasdaq.com/api/v1/historical/AAPL?apiKey=5hSXmst5GSPX2F2VauxN&startDate=2023-01-01&endDate=2023-12-31
2024-07-09 04:24:48,019 ERROR Nasdaq: Error fetching data for symbol MSFT: 404 Client Error:  for url: https://dataondemand.nasdaq.com/api/v1/historical/MSFT?apiKey=5hSXmst5GSPX2F2VauxN&startDate=2023-01-01&endDate=2023-12-31
2024-07-09 04:24:48,374 ERROR Nasdaq: Error fetching data for symbol GOOG: 404 Client Error:  for url: https://dataondemand.nasdaq.com/api/v1/historical/GOOG?apiKey=5hSXmst5GSPX2F2VauxN&startDate=2023-01-01&endDate=2023-12-31
2024-07-09 04:28:26,347 ERROR Nasdaq: Error fetching data for symbol AAPL: 404 Client Error:  for url: https://dataondemand.nasdaq.com/api/v1/historical/AAPL?apiKey=5hSXmst5GSPX2F2VauxN&startDate=2023-01-01&endDate=2023-12-31
2024-07-09 04:28:26,729 ERROR Nasdaq: Error fetching data for symbol MSFT: 404 Client Error:  for url: https://dataondemand.nasdaq.com/api/v1/historical/MSFT?apiKey=5hSXmst5GSPX2F2VauxN&startDate=2023-01-01&endDate=2023-12-31
2024-07-09 04:28:27,232 ERROR Nasdaq: Error fetching data for symbol GOOG: 404 Client Error:  for url: https://dataondemand.nasdaq.com/api/v1/historical/GOOG?apiKey=5hSXmst5GSPX2F2VauxN&startDate=2023-01-01&endDate=2023-12-31
2024-07-09 04:38:48,357 ERROR Nasdaq: Error fetching data for symbol AAPL: 404 Client Error:  for url: https://dataondemand.nasdaq.com/api/v1/historical/AAPL?apiKey=5hSXmst5GSPX2F2VauxN&startDate=2023-01-01&endDate=2023-12-31
2024-07-09 04:38:48,732 ERROR Nasdaq: Error fetching data for symbol MSFT: 404 Client Error:  for url: https://dataondemand.nasdaq.com/api/v1/historical/MSFT?apiKey=5hSXmst5GSPX2F2VauxN&startDate=2023-01-01&endDate=2023-12-31
2024-07-09 04:38:49,017 ERROR Nasdaq: Error fetching data for symbol GOOG: 404 Client Error:  for url: https://dataondemand.nasdaq.com/api/v1/historical/GOOG?apiKey=5hSXmst5GSPX2F2VauxN&startDate=2023-01-01&endDate=2023-12-31
2024-07-09 08:17:21,636 ERROR Nasdaq: Error fetching data for symbol AAPL: 404, message='', url=URL('https://dataondemand.nasdaq.com/api/v1/historical/AAPL?apiKey=5hSXmst5GSPX2F2VauxN&startDate=2022-01-01&endDate=2022-12-31')
2024-07-09 08:20:14,058 ERROR Nasdaq: Error fetching data for symbol AAPL: 404 Client Error:  for url: https://dataondemand.nasdaq.com/api/v1/historical/AAPL?apiKey=5hSXmst5GSPX2F2VauxN&startDate=2023-01-01&endDate=2023-12-31
2024-07-09 08:20:17,832 ERROR Nasdaq: Error fetching data for symbol MSFT: 404 Client Error:  for url: https://dataondemand.nasdaq.com/api/v1/historical/MSFT?apiKey=5hSXmst5GSPX2F2VauxN&startDate=2023-01-01&endDate=2023-12-31
2024-07-09 08:20:22,066 ERROR Nasdaq: Error fetching data for symbol GOOG: 404 Client Error:  for url: https://dataondemand.nasdaq.com/api/v1/historical/GOOG?apiKey=5hSXmst5GSPX2F2VauxN&startDate=2023-01-01&endDate=2023-12-31
2024-07-09 12:26:25,323 ERROR AlphaVantage: Error fetching data for symbol AAPL: ('Connection aborted.', ConnectionResetError(10054, 'An existing connection was forcibly closed by the remote host', None, 10054, None))
2024-07-09 12:26:37,324 ERROR AlphaVantage: Error fetching data for symbol MSFT: ('Connection aborted.', ConnectionResetError(10054, 'An existing connection was forcibly closed by the remote host', None, 10054, None))
2024-07-09 12:26:49,748 ERROR Nasdaq: Error fetching data for symbol AAPL: 404 Client Error:  for url: https://dataondemand.nasdaq.com/api/v1/historical/AAPL?apiKey=5hSXmst5GSPX2F2VauxN&startDate=2023-01-01&endDate=2023-12-31
2024-07-09 12:26:50,322 ERROR Nasdaq: Error fetching data for symbol MSFT: 404 Client Error:  for url: https://dataondemand.nasdaq.com/api/v1/historical/MSFT?apiKey=5hSXmst5GSPX2F2VauxN&startDate=2023-01-01&endDate=2023-12-31
2024-07-09 12:26:50,704 ERROR Nasdaq: Error fetching data for symbol GOOG: 404 Client Error:  for url: https://dataondemand.nasdaq.com/api/v1/historical/GOOG?apiKey=5hSXmst5GSPX2F2VauxN&startDate=2023-01-01&endDate=2023-12-31
2024-07-09 12:33:05,884 ERROR Nasdaq: Error fetching data for symbol AAPL: 404, message='', url=URL('https://dataondemand.nasdaq.com/api/v1/historical/AAPL?apiKey=5hSXmst5GSPX2F2VauxN&startDate=2022-01-01&endDate=2022-12-31')
2024-07-09 12:36:10,853 ERROR Nasdaq: Error fetching data for symbol AAPL: 404 Client Error:  for url: https://dataondemand.nasdaq.com/api/v1/historical/AAPL?apiKey=5hSXmst5GSPX2F2VauxN&startDate=2022-01-01&endDate=2022-12-31
2024-07-09 12:37:24,297 ERROR Nasdaq: Error fetching data for symbol AAPL: 404 Client Error:  for url: https://dataondemand.nasdaq.com/api/v1/historical/AAPL?apiKey=5hSXmst5GSPX2F2VauxN&startDate=2022-01-01&endDate=2022-12-31
2024-07-09 12:37:25,324 ERROR Nasdaq: Error fetching real-time data for symbol AAPL: 404, message='', url=URL('https://dataondemand.nasdaq.com/api/v1/historical/AAPL/real-time?apiKey=5hSXmst5GSPX2F2VauxN')
2024-07-09 12:38:23,856 ERROR Nasdaq: Error fetching data for symbol AAPL: 404 Client Error:  for url: https://dataondemand.nasdaq.com/api/v1/historical/AAPL?apiKey=5hSXmst5GSPX2F2VauxN&startDate=2022-01-01&endDate=2022-12-31
2024-07-09 12:38:24,732 ERROR Nasdaq: Error fetching real-time data for symbol AAPL: 404, message='', url=URL('https://dataondemand.nasdaq.com/api/v1/historical/AAPL/real-time?apiKey=5hSXmst5GSPX2F2VauxN')
2024-07-09 12:39:19,929 ERROR Nasdaq: Error fetching data for symbol AAPL: 404 Client Error:  for url: https://dataondemand.nasdaq.com/api/v1/historical/AAPL?apiKey=5hSXmst5GSPX2F2VauxN&startDate=2022-01-01&endDate=2022-12-31
2024-07-09 12:39:21,694 ERROR Nasdaq: Error fetching real-time data for symbol AAPL: 404, message='', url=URL('https://dataondemand.nasdaq.com/api/v1/historical/AAPL/real-time?apiKey=5hSXmst5GSPX2F2VauxN')
2024-07-09 12:40:27,904 ERROR Nasdaq: Error fetching data for symbol AAPL: 404 Client Error:  for url: https://dataondemand.nasdaq.com/api/v1/historical/AAPL?apiKey=5hSXmst5GSPX2F2VauxN&startDate=2022-01-01&endDate=2022-12-31
2024-07-09 12:40:28,780 ERROR Nasdaq: Error fetching real-time data for symbol AAPL: 404, message='', url=URL('https://dataondemand.nasdaq.com/api/v1/historical/AAPL/real-time?apiKey=5hSXmst5GSPX2F2VauxN')
2024-07-09 12:41:20,350 ERROR Nasdaq: Error fetching data for symbol AAPL: 404 Client Error:  for url: https://dataondemand.nasdaq.com/api/v1/historical/AAPL?apiKey=5hSXmst5GSPX2F2VauxN&startDate=2022-01-01&endDate=2022-12-31
2024-07-09 12:41:21,375 ERROR Nasdaq: Error fetching real-time data for symbol AAPL: 404, message='', url=URL('https://dataondemand.nasdaq.com/api/v1/historical/AAPL/real-time?apiKey=5hSXmst5GSPX2F2VauxN')
2024-07-09 13:05:15,987 ERROR AlphaVantage: Unexpected error for symbol AAPL: Cannot connect to host www.alphavantage.co:443 ssl:default [getaddrinfo failed]
2024-07-09 13:05:15,989 ERROR AlphaVantage: Unexpected error for symbol AAPL: Cannot connect to host www.alphavantage.co:443 ssl:default [getaddrinfo failed]
2024-07-09 13:05:29,197 ERROR AlphaVantage: Unexpected error for symbol AAPL: Cannot connect to host www.alphavantage.co:443 ssl:default [getaddrinfo failed]
2024-07-09 13:05:29,199 ERROR AlphaVantage: Unexpected error for symbol AAPL: Cannot connect to host www.alphavantage.co:443 ssl:default [getaddrinfo failed]
2024-07-09 13:05:51,530 ERROR AlphaVantage: Error fetching data for symbol AAPL: HTTPSConnectionPool(host='www.alphavantage.co', port=443): Max retries exceeded with url: /query?function=TIME_SERIES_DAILY&symbol=AAPL&apikey=C6AG9NZX6QIPYTX4&outputsize=full&datatype=json (Caused by NewConnectionError('<urllib3.connection.HTTPSConnection object at 0x000001A84956DBA0>: Failed to establish a new connection: [Errno 11001] getaddrinfo failed'))
2024-07-09 13:05:51,533 ERROR AlphaVantage: Error fetching data for symbol MSFT: HTTPSConnectionPool(host='www.alphavantage.co', port=443): Max retries exceeded with url: /query?function=TIME_SERIES_DAILY&symbol=MSFT&apikey=C6AG9NZX6QIPYTX4&outputsize=full&datatype=json (Caused by NewConnectionError('<urllib3.connection.HTTPSConnection object at 0x000001A84956DB40>: Failed to establish a new connection: [Errno 11001] getaddrinfo failed'))
2024-07-09 13:05:51,535 ERROR AlphaVantage: Error fetching data for symbol GOOG: HTTPSConnectionPool(host='www.alphavantage.co', port=443): Max retries exceeded with url: /query?function=TIME_SERIES_DAILY&symbol=GOOG&apikey=C6AG9NZX6QIPYTX4&outputsize=full&datatype=json (Caused by NewConnectionError('<urllib3.connection.HTTPSConnection object at 0x000001A84956DBD0>: Failed to establish a new connection: [Errno 11001] getaddrinfo failed'))
2024-07-09 13:05:51,537 ERROR Nasdaq: Error fetching data for symbol AAPL: HTTPSConnectionPool(host='dataondemand.nasdaq.com', port=443): Max retries exceeded with url: /api/v1/historical/AAPL?apiKey=5hSXmst5GSPX2F2VauxN&startDate=2023-01-01&endDate=2023-12-31 (Caused by NewConnectionError('<urllib3.connection.HTTPSConnection object at 0x000001A84956DBD0>: Failed to establish a new connection: [Errno 11001] getaddrinfo failed'))
2024-07-09 13:05:51,539 ERROR Nasdaq: Error fetching data for symbol MSFT: HTTPSConnectionPool(host='dataondemand.nasdaq.com', port=443): Max retries exceeded with url: /api/v1/historical/MSFT?apiKey=5hSXmst5GSPX2F2VauxN&startDate=2023-01-01&endDate=2023-12-31 (Caused by NewConnectionError('<urllib3.connection.HTTPSConnection object at 0x000001A84956DA50>: Failed to establish a new connection: [Errno 11001] getaddrinfo failed'))
2024-07-09 13:05:51,542 ERROR Nasdaq: Error fetching data for symbol GOOG: HTTPSConnectionPool(host='dataondemand.nasdaq.com', port=443): Max retries exceeded with url: /api/v1/historical/GOOG?apiKey=5hSXmst5GSPX2F2VauxN&startDate=2023-01-01&endDate=2023-12-31 (Caused by NewConnectionError('<urllib3.connection.HTTPSConnection object at 0x000001A84956E650>: Failed to establish a new connection: [Errno 11001] getaddrinfo failed'))
2024-07-09 13:05:51,546 ERROR Polygon: Error fetching data for symbol AAPL: HTTPSConnectionPool(host='api.polygon.io', port=443): Max retries exceeded with url: /v2/aggs/ticker/AAPL/range/1/day/2023-01-01/2023-12-31?apiKey=ruqNOBWgLAXuiUM0ugL5WmxbkIdlELp4 (Caused by NewConnectionError('<urllib3.connection.HTTPSConnection object at 0x000001A84956DBD0>: Failed to establish a new connection: [Errno 11001] getaddrinfo failed'))
2024-07-09 13:05:51,548 ERROR Polygon: Error fetching data for symbol MSFT: HTTPSConnectionPool(host='api.polygon.io', port=443): Max retries exceeded with url: /v2/aggs/ticker/MSFT/range/1/day/2023-01-01/2023-12-31?apiKey=ruqNOBWgLAXuiUM0ugL5WmxbkIdlELp4 (Caused by NewConnectionError('<urllib3.connection.HTTPSConnection object at 0x000001A84956D930>: Failed to establish a new connection: [Errno 11001] getaddrinfo failed'))
2024-07-09 13:05:51,550 ERROR Polygon: Error fetching data for symbol GOOG: HTTPSConnectionPool(host='api.polygon.io', port=443): Max retries exceeded with url: /v2/aggs/ticker/GOOG/range/1/day/2023-01-01/2023-12-31?apiKey=ruqNOBWgLAXuiUM0ugL5WmxbkIdlELp4 (Caused by NewConnectionError('<urllib3.connection.HTTPSConnection object at 0x000001A84956DBA0>: Failed to establish a new connection: [Errno 11001] getaddrinfo failed'))
2024-07-09 13:16:25,467 ERROR Nasdaq: Error fetching data for symbol AAPL: 404 Client Error:  for url: https://dataondemand.nasdaq.com/api/v1/historical/AAPL?apiKey=5hSXmst5GSPX2F2VauxN&startDate=2023-01-01&endDate=2023-12-31
2024-07-09 13:16:25,749 ERROR Nasdaq: Error fetching data for symbol MSFT: 404 Client Error:  for url: https://dataondemand.nasdaq.com/api/v1/historical/MSFT?apiKey=5hSXmst5GSPX2F2VauxN&startDate=2023-01-01&endDate=2023-12-31
2024-07-09 13:16:26,090 ERROR Nasdaq: Error fetching data for symbol GOOG: 404 Client Error:  for url: https://dataondemand.nasdaq.com/api/v1/historical/GOOG?apiKey=5hSXmst5GSPX2F2VauxN&startDate=2023-01-01&endDate=2023-12-31
2024-07-09 13:16:28,626 ERROR 404 Error for URL: https://dataondemand.nasdaq.com/api/v1/real-time/GOOG?apiKey=5hSXmst5GSPX2F2VauxN. Check if the endpoint is correct.
2024-07-09 13:16:28,627 ERROR Nasdaq: Error fetching real-time data for symbol GOOG: 404, message='', url=URL('https://dataondemand.nasdaq.com/api/v1/real-time/GOOG?apiKey=5hSXmst5GSPX2F2VauxN')
2024-07-09 13:16:28,684 ERROR 404 Error for URL: https://dataondemand.nasdaq.com/api/v1/real-time/MSFT?apiKey=5hSXmst5GSPX2F2VauxN. Check if the endpoint is correct.
2024-07-09 13:16:28,685 ERROR 404 Error for URL: https://dataondemand.nasdaq.com/api/v1/real-time/AAPL?apiKey=5hSXmst5GSPX2F2VauxN. Check if the endpoint is correct.
2024-07-09 13:16:28,686 ERROR Nasdaq: Error fetching real-time data for symbol MSFT: 404, message='', url=URL('https://dataondemand.nasdaq.com/api/v1/real-time/MSFT?apiKey=5hSXmst5GSPX2F2VauxN')
2024-07-09 13:16:28,688 ERROR Nasdaq: Error fetching real-time data for symbol AAPL: 404, message='', url=URL('https://dataondemand.nasdaq.com/api/v1/real-time/AAPL?apiKey=5hSXmst5GSPX2F2VauxN')
2024-07-09 13:16:28,804 ERROR Polygon: Error fetching real-time data for symbol AAPL: 429, message='Too Many Requests', url=URL('https://api.polygon.io/v2/aggs/ticker/AAPL/prev?apiKey=ruqNOBWgLAXuiUM0ugL5WmxbkIdlELp4')
2024-07-09 16:50:44,161 ERROR Nasdaq: Error fetching data for symbol AAPL: 404 Client Error: Not Found for url: https://data.nasdaq.com/api/v1/historical/AAPL?apiKey=5hSXmst5GSPX2F2VauxN&startDate=2023-01-01&endDate=2023-12-31
2024-07-09 16:50:44,530 ERROR Nasdaq: Error fetching data for symbol MSFT: 404 Client Error: Not Found for url: https://data.nasdaq.com/api/v1/historical/MSFT?apiKey=5hSXmst5GSPX2F2VauxN&startDate=2023-01-01&endDate=2023-12-31
2024-07-09 16:50:45,497 ERROR Nasdaq: Error fetching data for symbol GOOG: 404 Client Error: Not Found for url: https://data.nasdaq.com/api/v1/historical/GOOG?apiKey=5hSXmst5GSPX2F2VauxN&startDate=2023-01-01&endDate=2023-12-31
2024-07-09 16:53:25,304 ERROR Nasdaq: Error fetching data for symbol AAPL: 404 Client Error: Not Found for url: https://data.nasdaq.com/api/v1/historical/AAPL?apiKey=5hSXmst5GSPX2F2VauxN&startDate=2022-01-01&endDate=2022-12-31
2024-07-09 16:53:27,619 ERROR 404 Error for URL: https://data.nasdaq.com/api/v1/last-quote/AAPL?apiKey=5hSXmst5GSPX2F2VauxN. Check if the endpoint is correct.
2024-07-09 16:53:27,620 ERROR Nasdaq: Error fetching real-time data for symbol AAPL: 404, message='Not Found', url=URL('https://data.nasdaq.com/api/v1/last-quote/AAPL?apiKey=5hSXmst5GSPX2F2VauxN')
2024-07-12 19:08:13,082 ERROR Nasdaq: Error fetching data for symbol AAPL: 404 Client Error:  for url: https://dataondemand.nasdaq.com/api/v1/historical/AAPL?apiKey=5hSXmst5GSPX2F2VauxN&startDate=2023-01-01&endDate=2023-12-31
2024-07-12 19:08:13,432 ERROR Nasdaq: Error fetching data for symbol MSFT: 404 Client Error:  for url: https://dataondemand.nasdaq.com/api/v1/historical/MSFT?apiKey=5hSXmst5GSPX2F2VauxN&startDate=2023-01-01&endDate=2023-12-31
2024-07-12 19:08:13,831 ERROR Nasdaq: Error fetching data for symbol GOOG: 404 Client Error:  for url: https://dataondemand.nasdaq.com/api/v1/historical/GOOG?apiKey=5hSXmst5GSPX2F2VauxN&startDate=2023-01-01&endDate=2023-12-31
2024-07-12 19:13:15,969 ERROR Nasdaq: Error fetching data for symbol AAPL: 404, message='', url=URL('https://dataondemand.nasdaq.com/api/v1/historical/AAPL?apiKey=5hSXmst5GSPX2F2VauxN&startDate=2022-01-01&endDate=2022-12-31')
2024-07-12 19:13:21,280 ERROR Nasdaq: Error fetching data for symbol AAPL: 404 Client Error:  for url: https://dataondemand.nasdaq.com/api/v1/historical/AAPL?apiKey=5hSXmst5GSPX2F2VauxN&startDate=2023-01-01&endDate=2023-12-31
2024-07-12 19:13:22,045 ERROR Nasdaq: Error fetching data for symbol MSFT: 404 Client Error:  for url: https://dataondemand.nasdaq.com/api/v1/historical/MSFT?apiKey=5hSXmst5GSPX2F2VauxN&startDate=2023-01-01&endDate=2023-12-31
2024-07-12 19:13:22,567 ERROR Nasdaq: Error fetching data for symbol GOOG: 404 Client Error:  for url: https://dataondemand.nasdaq.com/api/v1/historical/GOOG?apiKey=5hSXmst5GSPX2F2VauxN&startDate=2023-01-01&endDate=2023-12-31
2024-07-12 19:14:03,185 ERROR Nasdaq: Error fetching data for symbol AAPL: 404 Client Error:  for url: https://dataondemand.nasdaq.com/api/v1/historical/AAPL?apiKey=5hSXmst5GSPX2F2VauxN&startDate=2022-01-01&endDate=2022-12-31
2024-07-12 19:14:04,184 ERROR Nasdaq: Error fetching real-time data for symbol AAPL: 404, message='', url=URL('https://dataondemand.nasdaq.com/api/v1/historical/AAPL/real-time?apiKey=5hSXmst5GSPX2F2VauxN')
2024-07-12 19:18:29,546 ERROR Nasdaq: Error fetching data for symbol AAPL: 404, message='', url=URL('https://dataondemand.nasdaq.com/api/v1/historical/AAPL?apiKey=5hSXmst5GSPX2F2VauxN&startDate=2022-01-01&endDate=2022-12-31')
2024-07-14 18:10:59,005 WARNING AlphaVantage: Data for  is not in the expected format.
2024-07-14 18:23:33,018 WARNING AlphaVantage: Data for  tsla is not in the expected format.
2024-07-14 18:23:33,430 ERROR Polygon: Error fetching data for symbol sq: 400, message='Bad Request', url=URL('https://api.polygon.io/v2/aggs/ticker/sq/range/1/day/1900-01-01/2024-07-14?apiKey=ruqNOBWgLAXuiUM0ugL5WmxbkIdlELp4')
2024-07-14 18:23:33,627 ERROR Polygon: Error fetching data for symbol  tsla: 400, message='Bad Request', url=URL('https://api.polygon.io/v2/aggs/ticker/%20tsla/range/1/day/1900-01-01/2024-07-14?apiKey=ruqNOBWgLAXuiUM0ugL5WmxbkIdlELp4')
2024-07-14 18:30:18,154 WARNING Polygon: Data for sq is not in the expected format.
2024-07-14 18:31:50,972 ERROR Polygon: Error fetching data for symbol sq: 400, message='Bad Request', url=URL('https://api.polygon.io/v2/aggs/ticker/sq/range/1/day/1900-01-01/2024-07-14?apiKey=ruqNOBWgLAXuiUM0ugL5WmxbkIdlELp4')
2024-07-14 18:31:50,972 ERROR Polygon: Error fetching data for symbol sq: 400, message='Bad Request', url=URL('https://api.polygon.io/v2/aggs/ticker/sq/range/1/day/1900-01-01/2024-07-14?apiKey=ruqNOBWgLAXuiUM0ugL5WmxbkIdlELp4')
2024-07-14 19:06:59,121 WARNING AlphaVantage: C:/TheTradingRobotPlug/data/alpha_vantage\AAPL_data.csv already exists. Skipping save. Set overwrite=True to overwrite it.
2024-07-14 19:06:59,644 WARNING Polygon: C:/TheTradingRobotPlug/data/polygon\AAPL_data.csv already exists. Skipping save. Set overwrite=True to overwrite it.
2024-07-14 19:09:29,057 WARNING AlphaVantage: C:/TheTradingRobotPlug/data/alpha_vantage\AAPL_data.csv already exists. Skipping save. Set overwrite=True to overwrite it.
2024-07-14 19:09:29,070 WARNING AlphaVantage: C:/TheTradingRobotPlug/data/alpha_vantage\MSFT_data.csv already exists. Skipping save. Set overwrite=True to overwrite it.
2024-07-14 19:09:29,081 WARNING AlphaVantage: C:/TheTradingRobotPlug/data/alpha_vantage\GOOG_data.csv already exists. Skipping save. Set overwrite=True to overwrite it.
2024-07-14 19:09:29,477 WARNING Polygon: C:/TheTradingRobotPlug/data/polygon\AAPL_data.csv already exists. Skipping save. Set overwrite=True to overwrite it.
2024-07-14 19:09:29,491 WARNING Polygon: C:/TheTradingRobotPlug/data/polygon\MSFT_data.csv already exists. Skipping save. Set overwrite=True to overwrite it.
2024-07-14 19:09:29,509 WARNING Polygon: C:/TheTradingRobotPlug/data/polygon\GOOG_data.csv already exists. Skipping save. Set overwrite=True to overwrite it.
2024-07-14 19:12:09,710 WARNING AlphaVantage: Real-time data for AAPL is not in the expected format.
2024-07-14 19:12:27,053 WARNING AlphaVantage: Fetched data for AAPL is not in the expected format.
2024-07-14 19:12:27,053 WARNING AlphaVantage: Fetched data for MSFT is not in the expected format.
2024-07-14 19:12:27,131 WARNING AlphaVantage: Fetched data for GOOG is not in the expected format.
2024-07-14 19:12:27,542 WARNING Polygon: C:/TheTradingRobotPlug/data/polygon\AAPL_data.csv already exists. Skipping save. Set overwrite=True to overwrite it.
2024-07-14 19:12:27,554 WARNING Polygon: C:/TheTradingRobotPlug/data/polygon\MSFT_data.csv already exists. Skipping save. Set overwrite=True to overwrite it.
2024-07-14 19:12:27,569 WARNING Polygon: C:/TheTradingRobotPlug/data/polygon\GOOG_data.csv already exists. Skipping save. Set overwrite=True to overwrite it.
2024-07-14 19:22:27,522 WARNING AlphaVantage: Fetched data for GOOG is not in the expected format.
2024-07-14 19:22:27,536 WARNING AlphaVantage: Fetched data for MSFT is not in the expected format.
2024-07-14 19:22:27,613 WARNING AlphaVantage: Fetched data for AAPL is not in the expected format.
2024-07-14 19:22:48,713 ERROR Polygon: Unexpected error for symbol GOOG: Cannot connect to host api.polygon.io:443 ssl:default [The semaphore timeout period has expired]
2024-07-14 19:22:48,713 ERROR Polygon: Unexpected error for symbol MSFT: Cannot connect to host api.polygon.io:443 ssl:default [The semaphore timeout period has expired]
2024-07-14 19:22:48,728 ERROR Polygon: Unexpected error for symbol AAPL: Cannot connect to host api.polygon.io:443 ssl:default [The semaphore timeout period has expired]
2024-07-14 19:30:51,135 WARNING AlphaVantage: Fetched data for GOOG is not in the expected format.
2024-07-14 19:30:51,214 WARNING AlphaVantage: Fetched data for AAPL is not in the expected format.
2024-07-14 19:30:51,332 WARNING AlphaVantage: Fetched data for MSFT is not in the expected format.
2024-07-14 19:30:52,048 WARNING Polygon: C:/TheTradingRobotPlug/data/polygon\AAPL_data.csv already exists. Skipping save. Set overwrite=True to overwrite it.
2024-07-14 19:30:52,064 WARNING Polygon: C:/TheTradingRobotPlug/data/polygon\MSFT_data.csv already exists. Skipping save. Set overwrite=True to overwrite it.
2024-07-14 19:30:52,079 WARNING Polygon: C:/TheTradingRobotPlug/data/polygon\GOOG_data.csv already exists. Skipping save. Set overwrite=True to overwrite it.
2024-07-14 19:34:37,914 WARNING AlphaVantage: Fetched data for MSFT is not in the expected format.
2024-07-14 19:34:37,918 WARNING AlphaVantage: Fetched data for AAPL is not in the expected format.
2024-07-14 19:34:38,006 WARNING AlphaVantage: Fetched data for GOOG is not in the expected format.
2024-07-14 19:34:53,496 WARNING Polygon: C:/TheTradingRobotPlug/data/polygon\AAPL_data.csv already exists. Skipping save. Set overwrite=True to overwrite it.
2024-07-14 19:34:53,519 WARNING Polygon: C:/TheTradingRobotPlug/data/polygon\MSFT_data.csv already exists. Skipping save. Set overwrite=True to overwrite it.
2024-07-14 19:34:53,563 WARNING Polygon: C:/TheTradingRobotPlug/data/polygon\GOOG_data.csv already exists. Skipping save. Set overwrite=True to overwrite it.
2024-07-14 19:45:40,787 WARNING AlphaVantage: Fetched data for GOOG is not in the expected format.
2024-07-14 19:45:40,788 WARNING AlphaVantage: Fetched data for MSFT is not in the expected format.
2024-07-14 19:45:40,861 WARNING AlphaVantage: Fetched data for AAPL is not in the expected format.
2024-07-14 19:46:02,083 ERROR Polygon: Unexpected error for symbol AAPL: Cannot connect to host api.polygon.io:443 ssl:default [The semaphore timeout period has expired]
2024-07-14 19:46:02,083 ERROR Polygon: Unexpected error for symbol GOOG: Cannot connect to host api.polygon.io:443 ssl:default [The semaphore timeout period has expired]
2024-07-14 19:46:02,084 ERROR Polygon: Unexpected error for symbol MSFT: Cannot connect to host api.polygon.io:443 ssl:default [The semaphore timeout period has expired]
2024-07-14 19:46:35,787 WARNING AlphaVantage: Fetched data for GOOG is not in the expected format.
2024-07-14 19:46:35,788 WARNING AlphaVantage: Fetched data for MSFT is not in the expected format.
2024-07-14 19:46:35,858 WARNING AlphaVantage: Fetched data for AAPL is not in the expected format.
2024-07-14 19:46:39,114 WARNING Polygon: C:/TheTradingRobotPlug/data/polygon\AAPL_data.csv already exists. Skipping save. Set overwrite=True to overwrite it.
2024-07-14 19:46:39,128 WARNING Polygon: C:/TheTradingRobotPlug/data/polygon\MSFT_data.csv already exists. Skipping save. Set overwrite=True to overwrite it.
2024-07-14 19:46:39,141 WARNING Polygon: C:/TheTradingRobotPlug/data/polygon\GOOG_data.csv already exists. Skipping save. Set overwrite=True to overwrite it.
2024-07-14 19:53:26,265 WARNING AlphaVantage: Fetched data for AAPL is not in the expected format.
2024-07-14 19:53:26,470 WARNING AlphaVantage: Fetched data for MSFT is not in the expected format.
2024-07-14 19:53:26,694 WARNING AlphaVantage: Fetched data for GOOG is not in the expected format.
2024-07-14 19:53:47,780 ERROR Polygon: Unexpected error for symbol AAPL: Cannot connect to host api.polygon.io:443 ssl:default [The semaphore timeout period has expired]
2024-07-14 19:54:11,471 ERROR Polygon: Unexpected error for symbol GOOG: Cannot connect to host api.polygon.io:443 ssl:default [The semaphore timeout period has expired]
2024-07-14 19:57:56,088 WARNING AlphaVantage: Fetched data for AAPL is not in the expected format.
2024-07-14 19:57:56,290 WARNING AlphaVantage: Fetched data for MSFT is not in the expected format.
2024-07-14 19:57:56,537 WARNING AlphaVantage: Fetched data for GOOG is not in the expected format.
2024-07-14 19:58:17,695 ERROR Polygon: Unexpected error for symbol AAPL: Cannot connect to host api.polygon.io:443 ssl:default [The semaphore timeout period has expired]
2024-07-14 19:58:54,315 ERROR Polygon: Unexpected error for symbol GOOG: Cannot connect to host api.polygon.io:443 ssl:default [The semaphore timeout period has expired]
2024-07-14 20:04:34,478 WARNING AlphaVantage: Fetched data for AAPL is not in the expected format.
2024-07-14 20:04:34,621 WARNING AlphaVantage: Fetched data for MSFT is not in the expected format.
2024-07-14 20:04:34,755 WARNING AlphaVantage: Fetched data for GOOG is not in the expected format.
2024-07-14 20:04:55,940 ERROR Polygon: Unexpected error for symbol AAPL: Cannot connect to host api.polygon.io:443 ssl:default [The semaphore timeout period has expired]
2024-07-14 20:05:04,562 WARNING AlphaVantage: Fetched data for AAPL is not in the expected format.
2024-07-14 20:05:04,703 WARNING AlphaVantage: Fetched data for MSFT is not in the expected format.
2024-07-14 20:05:05,104 WARNING AlphaVantage: Fetched data for GOOG is not in the expected format.
2024-07-14 20:05:43,471 ERROR Polygon: Unexpected error for symbol MSFT: Cannot connect to host api.polygon.io:443 ssl:default [The semaphore timeout period has expired]
2024-07-14 20:06:04,714 ERROR Polygon: Unexpected error for symbol GOOG: Cannot connect to host api.polygon.io:443 ssl:default [The semaphore timeout period has expired]
