2024-07-06 16:16:59,481 WARNING No data to save for symbol: AAPL
2024-07-06 16:16:59,482 WARNING No data to save for symbol: MSFT
2024-07-06 16:21:25,249 WARNING Fetched data for AAPL is not in the expected format.
2024-07-06 16:23:04,456 WARNING Fetched data for AAPL is not in the expected format.
2024-07-06 16:29:23,895 ERROR Unexpected error for symbol AAPL: 'date'
2024-07-06 16:29:23,895 ERROR Unexpected error for symbol AAPL: 'date'
2024-07-06 16:29:23,903 ERROR Unexpected error for symbol AAPL: 'date'
2024-07-06 16:29:23,903 ERROR Unexpected error for symbol AAPL: 'date'
2024-07-06 16:29:23,903 ERROR Unexpected error for symbol AAPL: 'date'
2024-07-06 16:31:18,499 ERROR Error fetching data for symbol AAPL: HTTPSConnectionPool(host='api.polygon.io', port=443): Max retries exceeded with url: /v2/aggs/ticker/AAPL/range/1/day/2023-01-01/2023-12-31?apiKey=ruqNOBWgLAXuiUM0ugL5WmxbkIdlELp4 (Caused by ConnectTimeoutError(<urllib3.connection.HTTPSConnection object at 0x000002A6BC806560>, 'Connection to api.polygon.io timed out. (connect timeout=None)'))
2024-07-06 16:31:28,948 INFO Data saved to CSV at C:/TheTradingRobotPlug/data/polygon\MSFT_data.csv
2024-07-06 16:31:28,996 INFO Data saved to SQL table MSFT_data in database C:/TheTradingRobotPlug/data/trading_data.db
2024-07-06 16:38:29,209 ERROR Unexpected error for symbol AAPL: 'Value based partial slicing on non-monotonic DatetimeIndexes with non-existing keys is not allowed.'
2024-07-06 16:38:29,209 ERROR Unexpected error for symbol AAPL: 'Value based partial slicing on non-monotonic DatetimeIndexes with non-existing keys is not allowed.'
2024-07-06 16:38:29,209 ERROR Unexpected error for symbol AAPL: 'Value based partial slicing on non-monotonic DatetimeIndexes with non-existing keys is not allowed.'
2024-07-06 16:38:50,319 ERROR Error fetching data for symbol AAPL: HTTPSConnectionPool(host='dataondemand.nasdaq.com', port=443): Max retries exceeded with url: /api/v1/historical/AAPL?apiKey=5hSXmst5GSPX2F2VauxN&startDate=2022-01-01&endDate=2022-12-31 (Caused by ConnectTimeoutError(<urllib3.connection.HTTPSConnection object at 0x000001B80C60EF50>, 'Connection to dataondemand.nasdaq.com timed out. (connect timeout=None)'))
2024-07-06 16:38:50,319 ERROR Error fetching data for symbol AAPL: HTTPSConnectionPool(host='dataondemand.nasdaq.com', port=443): Max retries exceeded with url: /api/v1/historical/AAPL?apiKey=5hSXmst5GSPX2F2VauxN&startDate=2022-01-01&endDate=2022-12-31 (Caused by ConnectTimeoutError(<urllib3.connection.HTTPSConnection object at 0x000001B80C60EF50>, 'Connection to dataondemand.nasdaq.com timed out. (connect timeout=None)'))
2024-07-06 16:38:50,319 ERROR Error fetching data for symbol AAPL: HTTPSConnectionPool(host='dataondemand.nasdaq.com', port=443): Max retries exceeded with url: /api/v1/historical/AAPL?apiKey=5hSXmst5GSPX2F2VauxN&startDate=2022-01-01&endDate=2022-12-31 (Caused by ConnectTimeoutError(<urllib3.connection.HTTPSConnection object at 0x000001B80C60EF50>, 'Connection to dataondemand.nasdaq.com timed out. (connect timeout=None)'))
2024-07-06 16:38:51,643 INFO Data saved to CSV at C:/TheTradingRobotPlug/data/polygon\AAPL_data.csv
2024-07-06 16:38:51,643 INFO Data saved to CSV at C:/TheTradingRobotPlug/data/polygon\AAPL_data.csv
2024-07-06 16:38:51,643 INFO Data saved to CSV at C:/TheTradingRobotPlug/data/polygon\AAPL_data.csv
2024-07-06 16:38:51,680 INFO Data saved to SQL table AAPL_data in database C:/TheTradingRobotPlug/data/trading_data.db
2024-07-06 16:38:51,680 INFO Data saved to SQL table AAPL_data in database C:/TheTradingRobotPlug/data/trading_data.db
2024-07-06 16:38:51,680 INFO Data saved to SQL table AAPL_data in database C:/TheTradingRobotPlug/data/trading_data.db
2024-07-06 16:51:00,806 ERROR Unexpected error for symbol AAPL: 'Value based partial slicing on non-monotonic DatetimeIndexes with non-existing keys is not allowed.'
2024-07-06 16:51:00,806 ERROR Unexpected error for symbol AAPL: 'Value based partial slicing on non-monotonic DatetimeIndexes with non-existing keys is not allowed.'
2024-07-06 16:51:00,806 ERROR Unexpected error for symbol AAPL: 'Value based partial slicing on non-monotonic DatetimeIndexes with non-existing keys is not allowed.'
2024-07-06 16:51:08,234 ERROR Error fetching data for symbol AAPL: 404 Client Error:  for url: https://dataondemand.nasdaq.com/api/v1/historical/AAPL?apiKey=5hSXmst5GSPX2F2VauxN&startDate=2022-01-01&endDate=2022-12-31
2024-07-06 16:51:08,234 ERROR Error fetching data for symbol AAPL: 404 Client Error:  for url: https://dataondemand.nasdaq.com/api/v1/historical/AAPL?apiKey=5hSXmst5GSPX2F2VauxN&startDate=2022-01-01&endDate=2022-12-31
2024-07-06 16:51:08,234 ERROR Error fetching data for symbol AAPL: 404 Client Error:  for url: https://dataondemand.nasdaq.com/api/v1/historical/AAPL?apiKey=5hSXmst5GSPX2F2VauxN&startDate=2022-01-01&endDate=2022-12-31
2024-07-06 16:51:18,346 INFO Data saved to CSV at C:/TheTradingRobotPlug/data/polygon\AAPL_data.csv
2024-07-06 16:51:18,346 INFO Data saved to CSV at C:/TheTradingRobotPlug/data/polygon\AAPL_data.csv
2024-07-06 16:51:18,346 INFO Data saved to CSV at C:/TheTradingRobotPlug/data/polygon\AAPL_data.csv
2024-07-06 16:51:18,370 INFO Data saved to SQL table AAPL_data in database C:/TheTradingRobotPlug/data/trading_data.db
2024-07-06 16:51:18,370 INFO Data saved to SQL table AAPL_data in database C:/TheTradingRobotPlug/data/trading_data.db
2024-07-06 16:51:18,370 INFO Data saved to SQL table AAPL_data in database C:/TheTradingRobotPlug/data/trading_data.db
2024-07-06 16:57:28,900 ERROR Unexpected error for symbol AAPL: 'Value based partial slicing on non-monotonic DatetimeIndexes with non-existing keys is not allowed.'
2024-07-06 16:57:28,900 ERROR Unexpected error for symbol AAPL: 'Value based partial slicing on non-monotonic DatetimeIndexes with non-existing keys is not allowed.'
2024-07-06 16:57:28,900 ERROR Unexpected error for symbol AAPL: 'Value based partial slicing on non-monotonic DatetimeIndexes with non-existing keys is not allowed.'
2024-07-06 16:57:29,175 ERROR Error fetching data for symbol AAPL: 404 Client Error:  for url: https://dataondemand.nasdaq.com/api/v1/historical/AAPL?apiKey=5hSXmst5GSPX2F2VauxN&startDate=2022-01-01&endDate=2022-12-31
2024-07-06 16:57:29,175 ERROR Error fetching data for symbol AAPL: 404 Client Error:  for url: https://dataondemand.nasdaq.com/api/v1/historical/AAPL?apiKey=5hSXmst5GSPX2F2VauxN&startDate=2022-01-01&endDate=2022-12-31
2024-07-06 16:57:29,175 ERROR Error fetching data for symbol AAPL: 404 Client Error:  for url: https://dataondemand.nasdaq.com/api/v1/historical/AAPL?apiKey=5hSXmst5GSPX2F2VauxN&startDate=2022-01-01&endDate=2022-12-31
2024-07-06 16:57:29,501 INFO Data saved to CSV at C:/TheTradingRobotPlug/data/polygon\AAPL_data.csv
2024-07-06 16:57:29,501 INFO Data saved to CSV at C:/TheTradingRobotPlug/data/polygon\AAPL_data.csv
2024-07-06 16:57:29,501 INFO Data saved to CSV at C:/TheTradingRobotPlug/data/polygon\AAPL_data.csv
2024-07-06 16:57:29,521 INFO Data saved to SQL table AAPL_data in database C:/TheTradingRobotPlug/data/trading_data.db
2024-07-06 16:57:29,521 INFO Data saved to SQL table AAPL_data in database C:/TheTradingRobotPlug/data/trading_data.db
2024-07-06 16:57:29,521 INFO Data saved to SQL table AAPL_data in database C:/TheTradingRobotPlug/data/trading_data.db
2024-07-06 16:58:21,477 ERROR Unexpected error for symbol AAPL: 'Value based partial slicing on non-monotonic DatetimeIndexes with non-existing keys is not allowed.'
2024-07-06 16:58:21,477 ERROR Unexpected error for symbol AAPL: 'Value based partial slicing on non-monotonic DatetimeIndexes with non-existing keys is not allowed.'
2024-07-06 16:58:21,477 ERROR Unexpected error for symbol AAPL: 'Value based partial slicing on non-monotonic DatetimeIndexes with non-existing keys is not allowed.'
2024-07-06 16:58:21,773 ERROR Error fetching data for symbol AAPL: 404 Client Error:  for url: https://dataondemand.nasdaq.com/api/v1/historical/AAPL?apiKey=5hSXmst5GSPX2F2VauxN&startDate=2022-01-01&endDate=2022-12-31
2024-07-06 16:58:21,773 ERROR Error fetching data for symbol AAPL: 404 Client Error:  for url: https://dataondemand.nasdaq.com/api/v1/historical/AAPL?apiKey=5hSXmst5GSPX2F2VauxN&startDate=2022-01-01&endDate=2022-12-31
2024-07-06 16:58:21,773 ERROR Error fetching data for symbol AAPL: 404 Client Error:  for url: https://dataondemand.nasdaq.com/api/v1/historical/AAPL?apiKey=5hSXmst5GSPX2F2VauxN&startDate=2022-01-01&endDate=2022-12-31
2024-07-06 16:59:26,356 ERROR Unexpected error for symbol AAPL: 'Value based partial slicing on non-monotonic DatetimeIndexes with non-existing keys is not allowed.'
2024-07-06 16:59:26,356 ERROR Unexpected error for symbol AAPL: 'Value based partial slicing on non-monotonic DatetimeIndexes with non-existing keys is not allowed.'
2024-07-06 16:59:26,356 ERROR Unexpected error for symbol AAPL: 'Value based partial slicing on non-monotonic DatetimeIndexes with non-existing keys is not allowed.'
2024-07-06 16:59:26,576 ERROR Error fetching data for symbol AAPL: 404 Client Error:  for url: https://dataondemand.nasdaq.com/api/v1/historical/AAPL?apiKey=5hSXmst5GSPX2F2VauxN&startDate=2022-01-01&endDate=2022-12-31
2024-07-06 16:59:26,576 ERROR Error fetching data for symbol AAPL: 404 Client Error:  for url: https://dataondemand.nasdaq.com/api/v1/historical/AAPL?apiKey=5hSXmst5GSPX2F2VauxN&startDate=2022-01-01&endDate=2022-12-31
2024-07-06 16:59:26,576 ERROR Error fetching data for symbol AAPL: 404 Client Error:  for url: https://dataondemand.nasdaq.com/api/v1/historical/AAPL?apiKey=5hSXmst5GSPX2F2VauxN&startDate=2022-01-01&endDate=2022-12-31
2024-07-06 17:04:19,899 ERROR Unexpected error for symbol AAPL: name 'logging' is not defined
2024-07-06 17:04:19,899 ERROR Unexpected error for symbol AAPL: name 'logging' is not defined
2024-07-06 17:04:19,899 ERROR Unexpected error for symbol AAPL: name 'logging' is not defined
2024-07-06 17:04:19,900 ERROR Unexpected error for symbol AAPL: name 'logging' is not defined
2024-07-06 17:04:19,900 ERROR Unexpected error for symbol AAPL: name 'logging' is not defined
2024-07-06 17:04:19,900 ERROR Unexpected error for symbol AAPL: name 'logging' is not defined
2024-07-06 17:04:19,900 ERROR Unexpected error for symbol AAPL: name 'logging' is not defined
2024-07-06 17:04:19,900 ERROR Unexpected error for symbol AAPL: name 'logging' is not defined
2024-07-06 17:04:19,900 ERROR Unexpected error for symbol AAPL: name 'logging' is not defined
2024-07-06 17:09:04,893 ERROR Unexpected error for symbol AAPL: 'Value based partial slicing on non-monotonic DatetimeIndexes with non-existing keys is not allowed.'
2024-07-06 17:09:04,893 ERROR Unexpected error for symbol AAPL: 'Value based partial slicing on non-monotonic DatetimeIndexes with non-existing keys is not allowed.'
2024-07-06 17:09:04,893 ERROR Unexpected error for symbol AAPL: 'Value based partial slicing on non-monotonic DatetimeIndexes with non-existing keys is not allowed.'
2024-07-06 17:09:05,379 ERROR Error fetching data for symbol AAPL: 404 Client Error:  for url: https://dataondemand.nasdaq.com/api/v1/historical/AAPL?apiKey=5hSXmst5GSPX2F2VauxN&startDate=2022-01-01&endDate=2022-12-31
2024-07-06 17:09:05,379 ERROR Error fetching data for symbol AAPL: 404 Client Error:  for url: https://dataondemand.nasdaq.com/api/v1/historical/AAPL?apiKey=5hSXmst5GSPX2F2VauxN&startDate=2022-01-01&endDate=2022-12-31
2024-07-06 17:09:05,379 ERROR Error fetching data for symbol AAPL: 404 Client Error:  for url: https://dataondemand.nasdaq.com/api/v1/historical/AAPL?apiKey=5hSXmst5GSPX2F2VauxN&startDate=2022-01-01&endDate=2022-12-31
2024-07-06 17:11:37,199 ERROR Error fetching data for symbol AAPL: 404 Client Error:  for url: https://dataondemand.nasdaq.com/api/v1/historical/AAPL?apiKey=5hSXmst5GSPX2F2VauxN&startDate=2022-01-01&endDate=2022-12-31
2024-07-06 17:11:37,199 ERROR Error fetching data for symbol AAPL: 404 Client Error:  for url: https://dataondemand.nasdaq.com/api/v1/historical/AAPL?apiKey=5hSXmst5GSPX2F2VauxN&startDate=2022-01-01&endDate=2022-12-31
2024-07-06 17:11:37,199 ERROR Error fetching data for symbol AAPL: 404 Client Error:  for url: https://dataondemand.nasdaq.com/api/v1/historical/AAPL?apiKey=5hSXmst5GSPX2F2VauxN&startDate=2022-01-01&endDate=2022-12-31
2024-07-06 17:14:58,492 ERROR Error fetching data for symbol AAPL: 404 Client Error:  for url: https://dataondemand.nasdaq.com/api/v1/historical/AAPL?apiKey=5hSXmst5GSPX2F2VauxN&startDate=2022-01-01&endDate=2022-12-31
2024-07-06 17:14:58,492 ERROR Error fetching data for symbol AAPL: 404 Client Error:  for url: https://dataondemand.nasdaq.com/api/v1/historical/AAPL?apiKey=5hSXmst5GSPX2F2VauxN&startDate=2022-01-01&endDate=2022-12-31
2024-07-06 17:14:58,492 ERROR Error fetching data for symbol AAPL: 404 Client Error:  for url: https://dataondemand.nasdaq.com/api/v1/historical/AAPL?apiKey=5hSXmst5GSPX2F2VauxN&startDate=2022-01-01&endDate=2022-12-31
2024-07-06 17:24:39,064 ERROR Nasdaq: Error fetching data for symbol AAPL: 404 Client Error:  for url: https://dataondemand.nasdaq.com/api/v1/historical/AAPL?apiKey=5hSXmst5GSPX2F2VauxN&startDate=2022-01-01&endDate=2022-12-31
2024-07-06 17:24:39,064 ERROR Nasdaq: Error fetching data for symbol AAPL: 404 Client Error:  for url: https://dataondemand.nasdaq.com/api/v1/historical/AAPL?apiKey=5hSXmst5GSPX2F2VauxN&startDate=2022-01-01&endDate=2022-12-31
2024-07-06 17:24:39,064 ERROR Nasdaq: Error fetching data for symbol AAPL: 404 Client Error:  for url: https://dataondemand.nasdaq.com/api/v1/historical/AAPL?apiKey=5hSXmst5GSPX2F2VauxN&startDate=2022-01-01&endDate=2022-12-31
2024-07-06 17:26:59,767 ERROR Nasdaq: Error fetching data for symbol AAPL: 404 Client Error:  for url: https://dataondemand.nasdaq.com/api/v1/historical/AAPL?apiKey=5hSXmst5GSPX2F2VauxN&startDate=2022-01-01&endDate=2022-12-31
2024-07-06 17:26:59,767 ERROR Nasdaq: Error fetching data for symbol AAPL: 404 Client Error:  for url: https://dataondemand.nasdaq.com/api/v1/historical/AAPL?apiKey=5hSXmst5GSPX2F2VauxN&startDate=2022-01-01&endDate=2022-12-31
2024-07-06 17:26:59,767 ERROR Nasdaq: Error fetching data for symbol AAPL: 404 Client Error:  for url: https://dataondemand.nasdaq.com/api/v1/historical/AAPL?apiKey=5hSXmst5GSPX2F2VauxN&startDate=2022-01-01&endDate=2022-12-31
2024-07-06 17:29:08,463 ERROR Nasdaq: 404 Client Error - The requested URL was not found on the server.
2024-07-06 17:29:08,463 ERROR Nasdaq: 404 Client Error - The requested URL was not found on the server.
2024-07-06 17:29:08,463 ERROR Nasdaq: 404 Client Error - The requested URL was not found on the server.
2024-07-07 19:35:03,164 ERROR TestSource: Unexpected error for symbol AAPL: Test Exception
2024-07-07 19:35:03,164 ERROR TestSource: Unexpected error for symbol AAPL: Test Exception
2024-07-07 19:35:03,164 ERROR TestSource: Unexpected error for symbol AAPL: Test Exception
2024-07-07 19:35:03,164 ERROR TestSource: Unexpected error for symbol AAPL: Test Exception
2024-07-07 19:35:03,189 WARNING TestSource: No data to save for symbol: AAPL
2024-07-07 19:35:03,189 WARNING TestSource: No data to save for symbol: AAPL
2024-07-07 19:35:03,189 WARNING TestSource: No data to save for symbol: AAPL
2024-07-07 19:35:03,189 WARNING TestSource: No data to save for symbol: AAPL
2024-07-07 19:35:03,189 WARNING TestSource: No data to save for symbol: AAPL
2024-07-07 19:35:03,189 WARNING TestSource: No data to save for symbol: AAPL
2024-07-07 19:35:03,189 WARNING TestSource: No data to save for symbol: AAPL
2024-07-07 19:35:03,189 WARNING TestSource: No data to save for symbol: AAPL
2024-07-07 19:35:35,610 ERROR TestSource: Unexpected error for symbol AAPL: Test Exception
2024-07-07 19:35:35,610 ERROR TestSource: Unexpected error for symbol AAPL: Test Exception
2024-07-07 19:35:35,610 ERROR TestSource: Unexpected error for symbol AAPL: Test Exception
2024-07-07 19:35:35,610 ERROR TestSource: Unexpected error for symbol AAPL: Test Exception
2024-07-07 19:35:35,649 WARNING TestSource: No data to save for symbol: AAPL
2024-07-07 19:35:35,649 WARNING TestSource: No data to save for symbol: AAPL
2024-07-07 19:35:35,649 WARNING TestSource: No data to save for symbol: AAPL
2024-07-07 19:35:35,649 WARNING TestSource: No data to save for symbol: AAPL
2024-07-07 19:35:35,649 WARNING TestSource: No data to save for symbol: AAPL
2024-07-07 19:35:35,649 WARNING TestSource: No data to save for symbol: AAPL
2024-07-07 19:35:35,649 WARNING TestSource: No data to save for symbol: AAPL
2024-07-07 19:35:35,649 WARNING TestSource: No data to save for symbol: AAPL
2024-07-07 19:36:42,258 ERROR TestSource: Unexpected error for symbol AAPL: Test Exception
2024-07-07 19:36:42,258 ERROR TestSource: Unexpected error for symbol AAPL: Test Exception
2024-07-07 19:36:42,258 ERROR TestSource: Unexpected error for symbol AAPL: Test Exception
2024-07-07 19:36:42,258 ERROR TestSource: Unexpected error for symbol AAPL: Test Exception
2024-07-07 19:36:42,286 WARNING TestSource: No data to save for symbol: AAPL
2024-07-07 19:36:42,286 WARNING TestSource: No data to save for symbol: AAPL
2024-07-07 19:36:42,286 WARNING TestSource: No data to save for symbol: AAPL
2024-07-07 19:36:42,286 WARNING TestSource: No data to save for symbol: AAPL
2024-07-07 19:36:42,286 WARNING TestSource: No data to save for symbol: AAPL
2024-07-07 19:36:42,286 WARNING TestSource: No data to save for symbol: AAPL
2024-07-07 19:36:42,286 WARNING TestSource: No data to save for symbol: AAPL
2024-07-07 19:36:42,286 WARNING TestSource: No data to save for symbol: AAPL
2024-07-07 19:52:57,579 ERROR TestSource: Unexpected error for symbol AAPL: Test Exception
2024-07-07 19:52:57,579 ERROR TestSource: Unexpected error for symbol AAPL: Test Exception
2024-07-07 19:52:57,579 ERROR TestSource: Unexpected error for symbol AAPL: Test Exception
2024-07-07 19:52:57,579 ERROR TestSource: Unexpected error for symbol AAPL: Test Exception
2024-07-07 19:52:57,615 WARNING TestSource: No data to save for symbol: AAPL
2024-07-07 19:52:57,615 WARNING TestSource: No data to save for symbol: AAPL
2024-07-07 19:52:57,615 WARNING TestSource: No data to save for symbol: AAPL
2024-07-07 19:52:57,615 WARNING TestSource: No data to save for symbol: AAPL
2024-07-07 19:52:57,615 WARNING TestSource: No data to save for symbol: AAPL
2024-07-07 19:52:57,615 WARNING TestSource: No data to save for symbol: AAPL
2024-07-07 19:52:57,615 WARNING TestSource: No data to save for symbol: AAPL
2024-07-07 19:52:57,615 WARNING TestSource: No data to save for symbol: AAPL
2024-07-07 19:54:00,889 ERROR AlphaVantage: Unexpected error for symbol AAPL: Test Exception
2024-07-07 19:54:00,889 ERROR AlphaVantage: Unexpected error for symbol AAPL: Test Exception
2024-07-07 19:54:00,889 ERROR AlphaVantage: Unexpected error for symbol AAPL: Test Exception
2024-07-07 19:54:00,889 ERROR AlphaVantage: Unexpected error for symbol AAPL: Test Exception
2024-07-07 19:54:00,901 WARNING AlphaVantage: No data to save for symbol: AAPL
2024-07-07 19:54:00,901 WARNING AlphaVantage: No data to save for symbol: AAPL
2024-07-07 19:54:00,901 WARNING AlphaVantage: No data to save for symbol: AAPL
2024-07-07 19:54:00,901 WARNING AlphaVantage: No data to save for symbol: AAPL
2024-07-07 19:54:00,901 WARNING AlphaVantage: No data to save for symbol: AAPL
2024-07-07 19:54:00,901 WARNING AlphaVantage: No data to save for symbol: AAPL
2024-07-07 19:55:39,885 ERROR AlphaVantage: Unexpected error for symbol AAPL: Test Exception
2024-07-07 19:55:39,885 ERROR AlphaVantage: Unexpected error for symbol AAPL: Test Exception
2024-07-07 19:55:39,885 ERROR AlphaVantage: Unexpected error for symbol AAPL: Test Exception
2024-07-07 19:55:39,885 ERROR AlphaVantage: Unexpected error for symbol AAPL: Test Exception
2024-07-07 19:55:39,895 WARNING AlphaVantage: No data to save for symbol: AAPL
2024-07-07 19:55:39,895 WARNING AlphaVantage: No data to save for symbol: AAPL
2024-07-07 19:55:39,895 WARNING AlphaVantage: No data to save for symbol: AAPL
2024-07-07 19:55:39,895 WARNING AlphaVantage: No data to save for symbol: AAPL
2024-07-07 19:55:39,895 WARNING AlphaVantage: No data to save for symbol: AAPL
2024-07-07 19:55:39,895 WARNING AlphaVantage: No data to save for symbol: AAPL
2024-07-07 20:05:22,131 ERROR AlphaVantage: Unexpected error for symbol AAPL: Test Exception
2024-07-07 20:05:22,131 ERROR AlphaVantage: Unexpected error for symbol AAPL: Test Exception
2024-07-07 20:05:22,131 ERROR AlphaVantage: Unexpected error for symbol AAPL: Test Exception
2024-07-07 20:05:22,131 ERROR AlphaVantage: Unexpected error for symbol AAPL: Test Exception
2024-07-07 20:05:22,141 WARNING AlphaVantage: No data to save for symbol: AAPL
2024-07-07 20:05:22,141 WARNING AlphaVantage: No data to save for symbol: AAPL
2024-07-07 20:05:22,141 WARNING AlphaVantage: No data to save for symbol: AAPL
2024-07-07 20:05:22,141 WARNING AlphaVantage: No data to save for symbol: AAPL
2024-07-07 20:05:22,141 WARNING AlphaVantage: No data to save for symbol: AAPL
2024-07-07 20:05:22,141 WARNING AlphaVantage: No data to save for symbol: AAPL
2024-07-07 20:07:26,567 ERROR AlphaVantage: Unexpected error for symbol AAPL: Test Exception
2024-07-07 20:07:26,567 ERROR AlphaVantage: Unexpected error for symbol AAPL: Test Exception
2024-07-07 20:07:26,567 ERROR AlphaVantage: Unexpected error for symbol AAPL: Test Exception
2024-07-07 20:07:26,567 ERROR AlphaVantage: Unexpected error for symbol AAPL: Test Exception
2024-07-07 20:07:26,582 WARNING AlphaVantage: No data to save for symbol: AAPL
2024-07-07 20:07:26,582 WARNING AlphaVantage: No data to save for symbol: AAPL
2024-07-07 20:07:26,582 WARNING AlphaVantage: No data to save for symbol: AAPL
2024-07-07 20:07:26,582 WARNING AlphaVantage: No data to save for symbol: AAPL
2024-07-07 20:07:26,582 WARNING AlphaVantage: No data to save for symbol: AAPL
2024-07-07 20:07:26,582 WARNING AlphaVantage: No data to save for symbol: AAPL
2024-07-07 20:32:20,592 ERROR Nasdaq: 404 Client Error - The requested URL was not found on the server.
2024-07-07 20:32:20,592 ERROR Nasdaq: 404 Client Error - The requested URL was not found on the server.
2024-07-07 20:32:20,592 ERROR Nasdaq: 404 Client Error - The requested URL was not found on the server.
2024-07-07 20:32:51,430 ERROR AlphaVantage: Unexpected error for symbol AAPL: Test Exception
2024-07-07 20:32:51,430 ERROR AlphaVantage: Unexpected error for symbol AAPL: Test Exception
2024-07-07 20:32:51,430 ERROR AlphaVantage: Unexpected error for symbol AAPL: Test Exception
2024-07-07 20:32:51,430 ERROR AlphaVantage: Unexpected error for symbol AAPL: Test Exception
2024-07-07 20:32:51,438 WARNING AlphaVantage: No data to save for symbol: AAPL
2024-07-07 20:32:51,438 WARNING AlphaVantage: No data to save for symbol: AAPL
2024-07-07 20:32:51,438 WARNING AlphaVantage: No data to save for symbol: AAPL
2024-07-07 20:32:51,438 WARNING AlphaVantage: No data to save for symbol: AAPL
2024-07-07 20:32:51,438 WARNING AlphaVantage: No data to save for symbol: AAPL
2024-07-07 20:32:51,438 WARNING AlphaVantage: No data to save for symbol: AAPL
2024-07-07 20:36:51,762 ERROR Nasdaq: 404 Client Error - The requested URL was not found on the server.
2024-07-07 20:36:51,762 ERROR Nasdaq: 404 Client Error - The requested URL was not found on the server.
2024-07-07 20:36:51,762 ERROR Nasdaq: 404 Client Error - The requested URL was not found on the server.
2024-07-07 20:37:00,200 ERROR AlphaVantage: Unexpected error for symbol AAPL: Test Exception
2024-07-07 20:37:00,200 ERROR AlphaVantage: Unexpected error for symbol AAPL: Test Exception
2024-07-07 20:37:00,200 ERROR AlphaVantage: Unexpected error for symbol AAPL: Test Exception
2024-07-07 20:37:00,200 ERROR AlphaVantage: Unexpected error for symbol AAPL: Test Exception
2024-07-07 20:37:00,208 WARNING AlphaVantage: No data to save for symbol: AAPL
2024-07-07 20:37:00,208 WARNING AlphaVantage: No data to save for symbol: AAPL
2024-07-07 20:37:00,208 WARNING AlphaVantage: No data to save for symbol: AAPL
2024-07-07 20:37:00,208 WARNING AlphaVantage: No data to save for symbol: AAPL
2024-07-07 20:37:00,208 WARNING AlphaVantage: No data to save for symbol: AAPL
2024-07-07 20:37:00,208 WARNING AlphaVantage: No data to save for symbol: AAPL
2024-07-07 20:40:19,467 ERROR AlphaVantage: Unexpected error for symbol AAPL: Test Exception
2024-07-07 20:40:19,467 ERROR AlphaVantage: Unexpected error for symbol AAPL: Test Exception
2024-07-07 20:40:19,467 ERROR AlphaVantage: Unexpected error for symbol AAPL: Test Exception
2024-07-07 20:40:19,467 ERROR AlphaVantage: Unexpected error for symbol AAPL: Test Exception
2024-07-07 20:40:19,479 WARNING AlphaVantage: No data to save for symbol: AAPL
2024-07-07 20:40:19,479 WARNING AlphaVantage: No data to save for symbol: AAPL
2024-07-07 20:40:19,479 WARNING AlphaVantage: No data to save for symbol: AAPL
2024-07-07 20:40:19,479 WARNING AlphaVantage: No data to save for symbol: AAPL
2024-07-07 20:40:19,479 WARNING AlphaVantage: No data to save for symbol: AAPL
2024-07-07 20:40:19,479 WARNING AlphaVantage: No data to save for symbol: AAPL
2024-07-07 20:45:17,257 ERROR AlphaVantage: Unexpected error for symbol AAPL: Test Exception
2024-07-07 20:45:17,257 ERROR AlphaVantage: Unexpected error for symbol AAPL: Test Exception
2024-07-07 20:45:17,257 ERROR AlphaVantage: Unexpected error for symbol AAPL: Test Exception
2024-07-07 20:45:17,257 ERROR AlphaVantage: Unexpected error for symbol AAPL: Test Exception
2024-07-07 20:45:17,271 WARNING AlphaVantage: No data to save for symbol: AAPL
2024-07-07 20:45:17,271 WARNING AlphaVantage: No data to save for symbol: AAPL
2024-07-07 20:45:17,271 WARNING AlphaVantage: No data to save for symbol: AAPL
2024-07-07 20:45:17,271 WARNING AlphaVantage: No data to save for symbol: AAPL
2024-07-07 20:45:17,271 WARNING AlphaVantage: No data to save for symbol: AAPL
2024-07-07 20:45:17,271 WARNING AlphaVantage: No data to save for symbol: AAPL
2024-07-07 20:45:17,292 ERROR Nasdaq: Unexpected error for symbol AAPL: Test Exception
2024-07-07 20:45:17,292 ERROR Nasdaq: Unexpected error for symbol AAPL: Test Exception
2024-07-07 20:45:17,292 ERROR Nasdaq: Unexpected error for symbol AAPL: Test Exception
2024-07-07 20:45:17,292 ERROR Nasdaq: Unexpected error for symbol AAPL: Test Exception
2024-07-07 20:45:17,292 ERROR Nasdaq: Unexpected error for symbol AAPL: Test Exception
2024-07-07 20:45:17,292 ERROR Nasdaq: Unexpected error for symbol AAPL: Test Exception
2024-07-07 20:45:17,292 ERROR Nasdaq: Unexpected error for symbol AAPL: Test Exception
2024-07-07 20:45:17,292 ERROR Nasdaq: Unexpected error for symbol AAPL: Test Exception
2024-07-07 20:45:17,292 ERROR Nasdaq: Unexpected error for symbol AAPL: Test Exception
2024-07-07 20:45:17,292 ERROR Nasdaq: Unexpected error for symbol AAPL: Test Exception
2024-07-07 20:45:17,312 ERROR Polygon: Unexpected error for symbol AAPL: Test Exception
2024-07-07 20:45:17,312 ERROR Polygon: Unexpected error for symbol AAPL: Test Exception
2024-07-07 20:45:17,312 ERROR Polygon: Unexpected error for symbol AAPL: Test Exception
2024-07-07 20:45:17,312 ERROR Polygon: Unexpected error for symbol AAPL: Test Exception
2024-07-07 20:45:17,312 ERROR Polygon: Unexpected error for symbol AAPL: Test Exception
2024-07-07 20:45:17,312 ERROR Polygon: Unexpected error for symbol AAPL: Test Exception
2024-07-07 20:45:17,312 ERROR Polygon: Unexpected error for symbol AAPL: Test Exception
2024-07-07 20:45:17,312 ERROR Polygon: Unexpected error for symbol AAPL: Test Exception
2024-07-07 20:45:17,312 ERROR Polygon: Unexpected error for symbol AAPL: Test Exception
2024-07-07 20:45:17,312 ERROR Polygon: Unexpected error for symbol AAPL: Test Exception
2024-07-07 20:45:17,312 ERROR Polygon: Unexpected error for symbol AAPL: Test Exception
2024-07-07 20:45:17,312 ERROR Polygon: Unexpected error for symbol AAPL: Test Exception
2024-07-07 20:45:17,312 ERROR Polygon: Unexpected error for symbol AAPL: Test Exception
2024-07-07 20:45:17,312 ERROR Polygon: Unexpected error for symbol AAPL: Test Exception
2024-07-07 20:48:22,951 ERROR AlphaVantage: Unexpected error for symbol AAPL: Test Exception
2024-07-07 20:48:22,951 ERROR AlphaVantage: Unexpected error for symbol AAPL: Test Exception
2024-07-07 20:48:22,951 ERROR AlphaVantage: Unexpected error for symbol AAPL: Test Exception
2024-07-07 20:48:22,951 ERROR AlphaVantage: Unexpected error for symbol AAPL: Test Exception
2024-07-07 20:48:22,964 WARNING AlphaVantage: No data to save for symbol: AAPL
2024-07-07 20:48:22,964 WARNING AlphaVantage: No data to save for symbol: AAPL
2024-07-07 20:48:22,964 WARNING AlphaVantage: No data to save for symbol: AAPL
2024-07-07 20:48:22,964 WARNING AlphaVantage: No data to save for symbol: AAPL
2024-07-07 20:48:22,964 WARNING AlphaVantage: No data to save for symbol: AAPL
2024-07-07 20:48:22,964 WARNING AlphaVantage: No data to save for symbol: AAPL
2024-07-07 20:48:22,989 ERROR Nasdaq: Unexpected error for symbol AAPL: Test Exception
2024-07-07 20:48:22,989 ERROR Nasdaq: Unexpected error for symbol AAPL: Test Exception
2024-07-07 20:48:22,989 ERROR Nasdaq: Unexpected error for symbol AAPL: Test Exception
2024-07-07 20:48:22,989 ERROR Nasdaq: Unexpected error for symbol AAPL: Test Exception
2024-07-07 20:48:22,989 ERROR Nasdaq: Unexpected error for symbol AAPL: Test Exception
2024-07-07 20:48:22,989 ERROR Nasdaq: Unexpected error for symbol AAPL: Test Exception
2024-07-07 20:48:22,989 ERROR Nasdaq: Unexpected error for symbol AAPL: Test Exception
2024-07-07 20:48:22,989 ERROR Nasdaq: Unexpected error for symbol AAPL: Test Exception
2024-07-07 20:48:22,989 ERROR Nasdaq: Unexpected error for symbol AAPL: Test Exception
2024-07-07 20:48:22,989 ERROR Nasdaq: Unexpected error for symbol AAPL: Test Exception
2024-07-07 20:48:23,013 ERROR Polygon: Unexpected error for symbol AAPL: Test Exception
2024-07-07 20:48:23,013 ERROR Polygon: Unexpected error for symbol AAPL: Test Exception
2024-07-07 20:48:23,013 ERROR Polygon: Unexpected error for symbol AAPL: Test Exception
2024-07-07 20:48:23,013 ERROR Polygon: Unexpected error for symbol AAPL: Test Exception
2024-07-07 20:48:23,013 ERROR Polygon: Unexpected error for symbol AAPL: Test Exception
2024-07-07 20:48:23,013 ERROR Polygon: Unexpected error for symbol AAPL: Test Exception
2024-07-07 20:48:23,013 ERROR Polygon: Unexpected error for symbol AAPL: Test Exception
2024-07-07 20:48:23,013 ERROR Polygon: Unexpected error for symbol AAPL: Test Exception
2024-07-07 20:48:23,013 ERROR Polygon: Unexpected error for symbol AAPL: Test Exception
2024-07-07 20:48:23,013 ERROR Polygon: Unexpected error for symbol AAPL: Test Exception
2024-07-07 20:48:23,013 ERROR Polygon: Unexpected error for symbol AAPL: Test Exception
2024-07-07 20:48:23,013 ERROR Polygon: Unexpected error for symbol AAPL: Test Exception
2024-07-07 20:48:23,013 ERROR Polygon: Unexpected error for symbol AAPL: Test Exception
2024-07-07 20:48:23,013 ERROR Polygon: Unexpected error for symbol AAPL: Test Exception
2024-07-07 20:53:33,336 ERROR AlphaVantage: Unexpected error for symbol AAPL: Test Exception
2024-07-07 20:53:33,336 ERROR AlphaVantage: Unexpected error for symbol AAPL: Test Exception
2024-07-07 20:53:33,336 ERROR AlphaVantage: Unexpected error for symbol AAPL: Test Exception
2024-07-07 20:53:33,336 ERROR AlphaVantage: Unexpected error for symbol AAPL: Test Exception
2024-07-07 20:53:33,347 WARNING AlphaVantage: No data to save for symbol: AAPL
2024-07-07 20:53:33,347 WARNING AlphaVantage: No data to save for symbol: AAPL
2024-07-07 20:53:33,347 WARNING AlphaVantage: No data to save for symbol: AAPL
2024-07-07 20:53:33,347 WARNING AlphaVantage: No data to save for symbol: AAPL
2024-07-07 20:53:33,347 WARNING AlphaVantage: No data to save for symbol: AAPL
2024-07-07 20:53:33,347 WARNING AlphaVantage: No data to save for symbol: AAPL
2024-07-07 20:53:33,388 ERROR Nasdaq: Unexpected error for symbol AAPL: Test Exception
2024-07-07 20:53:33,388 ERROR Nasdaq: Unexpected error for symbol AAPL: Test Exception
2024-07-07 20:53:33,388 ERROR Nasdaq: Unexpected error for symbol AAPL: Test Exception
2024-07-07 20:53:33,388 ERROR Nasdaq: Unexpected error for symbol AAPL: Test Exception
2024-07-07 20:53:33,388 ERROR Nasdaq: Unexpected error for symbol AAPL: Test Exception
2024-07-07 20:53:33,388 ERROR Nasdaq: Unexpected error for symbol AAPL: Test Exception
2024-07-07 20:53:33,388 ERROR Nasdaq: Unexpected error for symbol AAPL: Test Exception
2024-07-07 20:53:33,388 ERROR Nasdaq: Unexpected error for symbol AAPL: Test Exception
2024-07-07 20:53:33,388 ERROR Nasdaq: Unexpected error for symbol AAPL: Test Exception
2024-07-07 20:53:33,388 ERROR Nasdaq: Unexpected error for symbol AAPL: Test Exception
2024-07-07 20:53:33,435 ERROR Polygon: Unexpected error for symbol AAPL: Test Exception
2024-07-07 20:53:33,435 ERROR Polygon: Unexpected error for symbol AAPL: Test Exception
2024-07-07 20:53:33,435 ERROR Polygon: Unexpected error for symbol AAPL: Test Exception
2024-07-07 20:53:33,435 ERROR Polygon: Unexpected error for symbol AAPL: Test Exception
2024-07-07 20:53:33,435 ERROR Polygon: Unexpected error for symbol AAPL: Test Exception
2024-07-07 20:53:33,435 ERROR Polygon: Unexpected error for symbol AAPL: Test Exception
2024-07-07 20:53:33,435 ERROR Polygon: Unexpected error for symbol AAPL: Test Exception
2024-07-07 20:53:33,435 ERROR Polygon: Unexpected error for symbol AAPL: Test Exception
2024-07-07 20:53:33,435 ERROR Polygon: Unexpected error for symbol AAPL: Test Exception
2024-07-07 20:53:33,435 ERROR Polygon: Unexpected error for symbol AAPL: Test Exception
2024-07-07 20:53:33,435 ERROR Polygon: Unexpected error for symbol AAPL: Test Exception
2024-07-07 20:53:33,435 ERROR Polygon: Unexpected error for symbol AAPL: Test Exception
2024-07-07 20:53:33,435 ERROR Polygon: Unexpected error for symbol AAPL: Test Exception
2024-07-07 20:53:33,435 ERROR Polygon: Unexpected error for symbol AAPL: Test Exception
2024-07-07 21:03:01,391 ERROR TestSource: Unexpected error for symbol AAPL: Test Exception
2024-07-07 21:03:01,391 ERROR TestSource: Unexpected error for symbol AAPL: Test Exception
2024-07-07 21:03:01,391 ERROR TestSource: Unexpected error for symbol AAPL: Test Exception
2024-07-07 21:03:01,391 ERROR TestSource: Unexpected error for symbol AAPL: Test Exception
2024-07-07 21:03:01,419 WARNING TestSource: No data to save for symbol: AAPL
2024-07-07 21:03:01,419 WARNING TestSource: No data to save for symbol: AAPL
2024-07-07 21:03:01,419 WARNING TestSource: No data to save for symbol: AAPL
2024-07-07 21:03:01,419 WARNING TestSource: No data to save for symbol: AAPL
2024-07-07 21:03:01,419 WARNING TestSource: No data to save for symbol: AAPL
2024-07-07 21:03:01,419 WARNING TestSource: No data to save for symbol: AAPL
2024-07-07 21:03:01,419 WARNING TestSource: No data to save for symbol: AAPL
2024-07-07 21:03:01,419 WARNING TestSource: No data to save for symbol: AAPL
2024-07-07 21:03:12,418 ERROR AlphaVantage: Unexpected error for symbol AAPL: Test Exception
2024-07-07 21:03:12,418 ERROR AlphaVantage: Unexpected error for symbol AAPL: Test Exception
2024-07-07 21:03:12,418 ERROR AlphaVantage: Unexpected error for symbol AAPL: Test Exception
2024-07-07 21:03:12,418 ERROR AlphaVantage: Unexpected error for symbol AAPL: Test Exception
2024-07-07 21:03:12,434 WARNING AlphaVantage: No data to save for symbol: AAPL
2024-07-07 21:03:12,434 WARNING AlphaVantage: No data to save for symbol: AAPL
2024-07-07 21:03:12,434 WARNING AlphaVantage: No data to save for symbol: AAPL
2024-07-07 21:03:12,434 WARNING AlphaVantage: No data to save for symbol: AAPL
2024-07-07 21:03:12,434 WARNING AlphaVantage: No data to save for symbol: AAPL
2024-07-07 21:03:12,434 WARNING AlphaVantage: No data to save for symbol: AAPL
2024-07-07 21:03:12,478 ERROR Nasdaq: Unexpected error for symbol AAPL: Test Exception
2024-07-07 21:03:12,478 ERROR Nasdaq: Unexpected error for symbol AAPL: Test Exception
2024-07-07 21:03:12,478 ERROR Nasdaq: Unexpected error for symbol AAPL: Test Exception
2024-07-07 21:03:12,478 ERROR Nasdaq: Unexpected error for symbol AAPL: Test Exception
2024-07-07 21:03:12,478 ERROR Nasdaq: Unexpected error for symbol AAPL: Test Exception
2024-07-07 21:03:12,478 ERROR Nasdaq: Unexpected error for symbol AAPL: Test Exception
2024-07-07 21:03:12,478 ERROR Nasdaq: Unexpected error for symbol AAPL: Test Exception
2024-07-07 21:03:12,478 ERROR Nasdaq: Unexpected error for symbol AAPL: Test Exception
2024-07-07 21:03:12,478 ERROR Nasdaq: Unexpected error for symbol AAPL: Test Exception
2024-07-07 21:03:12,478 ERROR Nasdaq: Unexpected error for symbol AAPL: Test Exception
2024-07-07 21:03:12,528 ERROR Polygon: Unexpected error for symbol AAPL: Test Exception
2024-07-07 21:03:12,528 ERROR Polygon: Unexpected error for symbol AAPL: Test Exception
2024-07-07 21:03:12,528 ERROR Polygon: Unexpected error for symbol AAPL: Test Exception
2024-07-07 21:03:12,528 ERROR Polygon: Unexpected error for symbol AAPL: Test Exception
2024-07-07 21:03:12,528 ERROR Polygon: Unexpected error for symbol AAPL: Test Exception
2024-07-07 21:03:12,528 ERROR Polygon: Unexpected error for symbol AAPL: Test Exception
2024-07-07 21:03:12,528 ERROR Polygon: Unexpected error for symbol AAPL: Test Exception
2024-07-07 21:03:12,528 ERROR Polygon: Unexpected error for symbol AAPL: Test Exception
2024-07-07 21:03:12,528 ERROR Polygon: Unexpected error for symbol AAPL: Test Exception
2024-07-07 21:03:12,528 ERROR Polygon: Unexpected error for symbol AAPL: Test Exception
2024-07-07 21:03:12,528 ERROR Polygon: Unexpected error for symbol AAPL: Test Exception
2024-07-07 21:03:12,528 ERROR Polygon: Unexpected error for symbol AAPL: Test Exception
2024-07-07 21:03:12,528 ERROR Polygon: Unexpected error for symbol AAPL: Test Exception
2024-07-07 21:03:12,528 ERROR Polygon: Unexpected error for symbol AAPL: Test Exception
2024-07-07 21:11:25,915 ERROR TestSource: Unexpected error for symbol AAPL: Test Exception
2024-07-07 21:11:25,915 ERROR TestSource: Unexpected error for symbol AAPL: Test Exception
2024-07-07 21:11:25,915 ERROR TestSource: Unexpected error for symbol AAPL: Test Exception
2024-07-07 21:11:25,915 ERROR TestSource: Unexpected error for symbol AAPL: Test Exception
2024-07-07 21:11:25,941 WARNING TestSource: No data to save for symbol: AAPL
2024-07-07 21:11:25,941 WARNING TestSource: No data to save for symbol: AAPL
2024-07-07 21:11:25,941 WARNING TestSource: No data to save for symbol: AAPL
2024-07-07 21:11:25,941 WARNING TestSource: No data to save for symbol: AAPL
2024-07-07 21:11:25,941 WARNING TestSource: No data to save for symbol: AAPL
2024-07-07 21:11:25,941 WARNING TestSource: No data to save for symbol: AAPL
2024-07-07 21:11:25,941 WARNING TestSource: No data to save for symbol: AAPL
2024-07-07 21:11:25,941 WARNING TestSource: No data to save for symbol: AAPL
2024-07-07 21:16:16,504 ERROR TestSource: Unexpected error for symbol AAPL: Test Exception
2024-07-07 21:16:16,504 ERROR TestSource: Unexpected error for symbol AAPL: Test Exception
2024-07-07 21:16:16,504 ERROR TestSource: Unexpected error for symbol AAPL: Test Exception
2024-07-07 21:16:16,504 ERROR TestSource: Unexpected error for symbol AAPL: Test Exception
2024-07-07 21:16:16,530 WARNING TestSource: No data to save for symbol: AAPL
2024-07-07 21:16:16,530 WARNING TestSource: No data to save for symbol: AAPL
2024-07-07 21:16:16,530 WARNING TestSource: No data to save for symbol: AAPL
2024-07-07 21:16:16,530 WARNING TestSource: No data to save for symbol: AAPL
2024-07-07 21:16:16,530 WARNING TestSource: No data to save for symbol: AAPL
2024-07-07 21:16:16,530 WARNING TestSource: No data to save for symbol: AAPL
2024-07-07 21:16:16,530 WARNING TestSource: No data to save for symbol: AAPL
2024-07-07 21:16:16,530 WARNING TestSource: No data to save for symbol: AAPL
2024-07-07 23:19:31,173 ERROR TestSource: Unexpected error for symbol AAPL: Test Exception
2024-07-07 23:19:31,173 ERROR TestSource: Unexpected error for symbol AAPL: Test Exception
2024-07-07 23:19:31,173 ERROR TestSource: Unexpected error for symbol AAPL: Test Exception
2024-07-07 23:19:31,173 ERROR TestSource: Unexpected error for symbol AAPL: Test Exception
2024-07-07 23:19:31,199 WARNING TestSource: No data to save for symbol: AAPL
2024-07-07 23:19:31,199 WARNING TestSource: No data to save for symbol: AAPL
2024-07-07 23:19:31,199 WARNING TestSource: No data to save for symbol: AAPL
2024-07-07 23:19:31,199 WARNING TestSource: No data to save for symbol: AAPL
2024-07-07 23:19:31,199 WARNING TestSource: No data to save for symbol: AAPL
2024-07-07 23:19:31,199 WARNING TestSource: No data to save for symbol: AAPL
2024-07-07 23:19:31,199 WARNING TestSource: No data to save for symbol: AAPL
2024-07-07 23:19:31,199 WARNING TestSource: No data to save for symbol: AAPL
2024-07-07 23:19:40,421 ERROR AlphaVantage: Unexpected error for symbol AAPL: Test Exception
2024-07-07 23:19:40,421 ERROR AlphaVantage: Unexpected error for symbol AAPL: Test Exception
2024-07-07 23:19:40,421 ERROR AlphaVantage: Unexpected error for symbol AAPL: Test Exception
2024-07-07 23:19:40,421 ERROR AlphaVantage: Unexpected error for symbol AAPL: Test Exception
2024-07-07 23:19:40,440 WARNING AlphaVantage: No data to save for symbol: AAPL
2024-07-07 23:19:40,440 WARNING AlphaVantage: No data to save for symbol: AAPL
2024-07-07 23:19:40,440 WARNING AlphaVantage: No data to save for symbol: AAPL
2024-07-07 23:19:40,440 WARNING AlphaVantage: No data to save for symbol: AAPL
2024-07-07 23:19:40,440 WARNING AlphaVantage: No data to save for symbol: AAPL
2024-07-07 23:19:40,440 WARNING AlphaVantage: No data to save for symbol: AAPL
2024-07-07 23:19:40,478 ERROR Nasdaq: Unexpected error for symbol AAPL: Test Exception
2024-07-07 23:19:40,478 ERROR Nasdaq: Unexpected error for symbol AAPL: Test Exception
2024-07-07 23:19:40,478 ERROR Nasdaq: Unexpected error for symbol AAPL: Test Exception
2024-07-07 23:19:40,478 ERROR Nasdaq: Unexpected error for symbol AAPL: Test Exception
2024-07-07 23:19:40,478 ERROR Nasdaq: Unexpected error for symbol AAPL: Test Exception
2024-07-07 23:19:40,478 ERROR Nasdaq: Unexpected error for symbol AAPL: Test Exception
2024-07-07 23:19:40,478 ERROR Nasdaq: Unexpected error for symbol AAPL: Test Exception
2024-07-07 23:19:40,478 ERROR Nasdaq: Unexpected error for symbol AAPL: Test Exception
2024-07-07 23:19:40,478 ERROR Nasdaq: Unexpected error for symbol AAPL: Test Exception
2024-07-07 23:19:40,478 ERROR Nasdaq: Unexpected error for symbol AAPL: Test Exception
2024-07-07 23:19:40,516 ERROR Polygon: Unexpected error for symbol AAPL: Test Exception
2024-07-07 23:19:40,516 ERROR Polygon: Unexpected error for symbol AAPL: Test Exception
2024-07-07 23:19:40,516 ERROR Polygon: Unexpected error for symbol AAPL: Test Exception
2024-07-07 23:19:40,516 ERROR Polygon: Unexpected error for symbol AAPL: Test Exception
2024-07-07 23:19:40,516 ERROR Polygon: Unexpected error for symbol AAPL: Test Exception
2024-07-07 23:19:40,516 ERROR Polygon: Unexpected error for symbol AAPL: Test Exception
2024-07-07 23:19:40,516 ERROR Polygon: Unexpected error for symbol AAPL: Test Exception
2024-07-07 23:19:40,516 ERROR Polygon: Unexpected error for symbol AAPL: Test Exception
2024-07-07 23:19:40,516 ERROR Polygon: Unexpected error for symbol AAPL: Test Exception
2024-07-07 23:19:40,516 ERROR Polygon: Unexpected error for symbol AAPL: Test Exception
2024-07-07 23:19:40,516 ERROR Polygon: Unexpected error for symbol AAPL: Test Exception
2024-07-07 23:19:40,516 ERROR Polygon: Unexpected error for symbol AAPL: Test Exception
2024-07-07 23:19:40,516 ERROR Polygon: Unexpected error for symbol AAPL: Test Exception
2024-07-07 23:19:40,516 ERROR Polygon: Unexpected error for symbol AAPL: Test Exception
2024-07-07 23:20:22,277 ERROR TestSource: Unexpected error for symbol AAPL: Test Exception
2024-07-07 23:20:22,277 ERROR TestSource: Unexpected error for symbol AAPL: Test Exception
2024-07-07 23:20:22,277 ERROR TestSource: Unexpected error for symbol AAPL: Test Exception
2024-07-07 23:20:22,277 ERROR TestSource: Unexpected error for symbol AAPL: Test Exception
2024-07-07 23:20:22,321 WARNING TestSource: No data to save for symbol: AAPL
2024-07-07 23:20:22,321 WARNING TestSource: No data to save for symbol: AAPL
2024-07-07 23:20:22,321 WARNING TestSource: No data to save for symbol: AAPL
2024-07-07 23:20:22,321 WARNING TestSource: No data to save for symbol: AAPL
2024-07-07 23:20:22,321 WARNING TestSource: No data to save for symbol: AAPL
2024-07-07 23:20:22,321 WARNING TestSource: No data to save for symbol: AAPL
2024-07-07 23:20:22,321 WARNING TestSource: No data to save for symbol: AAPL
2024-07-07 23:20:22,321 WARNING TestSource: No data to save for symbol: AAPL
2024-07-08 20:24:05,967 ERROR Nasdaq: 404 Client Error - The requested URL was not found on the server.
2024-07-08 20:24:05,967 ERROR Nasdaq: 404 Client Error - The requested URL was not found on the server.
2024-07-08 20:24:05,967 ERROR Nasdaq: 404 Client Error - The requested URL was not found on the server.
2024-07-08 20:26:27,157 ERROR Nasdaq: 404 Client Error - The requested URL was not found on the server.
2024-07-08 20:26:27,157 ERROR Nasdaq: 404 Client Error - The requested URL was not found on the server.
2024-07-08 20:26:27,157 ERROR Nasdaq: 404 Client Error - The requested URL was not found on the server.
2024-07-08 20:34:41,895 ERROR Nasdaq: 404 Client Error - The requested URL was not found on the server.
2024-07-08 20:34:41,895 ERROR Nasdaq: 404 Client Error - The requested URL was not found on the server.
2024-07-08 20:34:41,895 ERROR Nasdaq: 404 Client Error - The requested URL was not found on the server.
2024-07-08 21:02:19,735 ERROR Nasdaq: Error fetching data for symbol AAPL: 404 Client Error:  for url: https://dataondemand.nasdaq.com/api/v1/historical/AAPL?apiKey=5hSXmst5GSPX2F2VauxN&startDate=2023-01-01&endDate=2024-07-07
2024-07-08 21:17:33,796 ERROR Nasdaq: Error fetching data for symbol AAPL: 404, message='', url=URL('https://dataondemand.nasdaq.com/api/v1/historical/AAPL?apiKey=5hSXmst5GSPX2F2VauxN&startDate=2023-01-01&endDate=2024-07-07')
2024-07-08 21:17:51,770 ERROR Nasdaq: 404 Client Error - The requested URL was not found on the server.
2024-07-08 21:17:51,770 ERROR Nasdaq: 404 Client Error - The requested URL was not found on the server.
2024-07-08 21:17:51,770 ERROR Nasdaq: 404 Client Error - The requested URL was not found on the server.
2024-07-08 21:27:19,034 ERROR AlphaVantage: Unexpected error for symbol AAPL: Cannot connect to host www.alphavantage.co:443 ssl:default [getaddrinfo failed]
2024-07-08 21:27:19,034 ERROR AlphaVantage: Unexpected error for symbol AAPL: Cannot connect to host www.alphavantage.co:443 ssl:default [getaddrinfo failed]
2024-07-08 21:27:19,034 ERROR AlphaVantage: Unexpected error for symbol AAPL: Cannot connect to host www.alphavantage.co:443 ssl:default [getaddrinfo failed]
2024-07-08 21:27:30,236 ERROR Nasdaq: Unexpected error for symbol AAPL: Cannot connect to host dataondemand.nasdaq.com:443 ssl:default [getaddrinfo failed]
2024-07-08 21:27:30,236 ERROR Nasdaq: Unexpected error for symbol AAPL: Cannot connect to host dataondemand.nasdaq.com:443 ssl:default [getaddrinfo failed]
2024-07-08 21:27:30,236 ERROR Nasdaq: Unexpected error for symbol AAPL: Cannot connect to host dataondemand.nasdaq.com:443 ssl:default [getaddrinfo failed]
2024-07-08 21:27:30,236 ERROR Polygon: Unexpected error for symbol AAPL: Cannot connect to host api.polygon.io:443 ssl:default [getaddrinfo failed]
2024-07-08 21:27:30,236 ERROR Polygon: Unexpected error for symbol AAPL: Cannot connect to host api.polygon.io:443 ssl:default [getaddrinfo failed]
2024-07-08 21:27:30,236 ERROR Polygon: Unexpected error for symbol AAPL: Cannot connect to host api.polygon.io:443 ssl:default [getaddrinfo failed]
