2024-07-08 21:27:19,034 ERROR AlphaVantage: Unexpected error for symbol AAPL: Cannot connect to host www.alphavantage.co:443 ssl:default [getaddrinfo failed]
2024-07-08 21:27:30,236 ERROR Nasdaq: Unexpected error for symbol AAPL: Cannot connect to host dataondemand.nasdaq.com:443 ssl:default [getaddrinfo failed]
2024-07-08 21:27:30,236 ERROR Polygon: Unexpected error for symbol AAPL: Cannot connect to host api.polygon.io:443 ssl:default [getaddrinfo failed]
2024-07-09 03:08:50,082 ERROR Nasdaq: Error fetching data for symbol AAPL: 404 Client Error:  for url: https://dataondemand.nasdaq.com/api/v1/historical/AAPL?apiKey=5hSXmst5GSPX2F2VauxN&startDate=2023-01-01&endDate=2023-12-31
2024-07-09 03:08:50,630 ERROR Nasdaq: Error fetching data for symbol MSFT: 404 Client Error:  for url: https://dataondemand.nasdaq.com/api/v1/historical/MSFT?apiKey=5hSXmst5GSPX2F2VauxN&startDate=2023-01-01&endDate=2023-12-31
2024-07-09 03:08:51,068 ERROR Nasdaq: Error fetching data for symbol GOOG: 404 Client Error:  for url: https://dataondemand.nasdaq.com/api/v1/historical/GOOG?apiKey=5hSXmst5GSPX2F2VauxN&startDate=2023-01-01&endDate=2023-12-31
2024-07-09 04:16:53,008 ERROR Nasdaq: Error fetching data for symbol AAPL: 404 Client Error:  for url: https://dataondemand.nasdaq.com/api/v1/historical/AAPL?apiKey=5hSXmst5GSPX2F2VauxN&startDate=2023-01-01&endDate=2023-12-31
2024-07-09 04:16:54,194 ERROR Nasdaq: Error fetching data for symbol MSFT: 404 Client Error:  for url: https://dataondemand.nasdaq.com/api/v1/historical/MSFT?apiKey=5hSXmst5GSPX2F2VauxN&startDate=2023-01-01&endDate=2023-12-31
2024-07-09 04:16:55,225 ERROR Nasdaq: Error fetching data for symbol GOOG: 404 Client Error:  for url: https://dataondemand.nasdaq.com/api/v1/historical/GOOG?apiKey=5hSXmst5GSPX2F2VauxN&startDate=2023-01-01&endDate=2023-12-31
2024-07-09 04:24:47,545 ERROR Nasdaq: Error fetching data for symbol AAPL: 404 Client Error:  for url: https://dataondemand.nasdaq.com/api/v1/historical/AAPL?apiKey=5hSXmst5GSPX2F2VauxN&startDate=2023-01-01&endDate=2023-12-31
2024-07-09 04:24:48,019 ERROR Nasdaq: Error fetching data for symbol MSFT: 404 Client Error:  for url: https://dataondemand.nasdaq.com/api/v1/historical/MSFT?apiKey=5hSXmst5GSPX2F2VauxN&startDate=2023-01-01&endDate=2023-12-31
2024-07-09 04:24:48,374 ERROR Nasdaq: Error fetching data for symbol GOOG: 404 Client Error:  for url: https://dataondemand.nasdaq.com/api/v1/historical/GOOG?apiKey=5hSXmst5GSPX2F2VauxN&startDate=2023-01-01&endDate=2023-12-31
2024-07-09 04:28:26,347 ERROR Nasdaq: Error fetching data for symbol AAPL: 404 Client Error:  for url: https://dataondemand.nasdaq.com/api/v1/historical/AAPL?apiKey=5hSXmst5GSPX2F2VauxN&startDate=2023-01-01&endDate=2023-12-31
2024-07-09 04:28:26,729 ERROR Nasdaq: Error fetching data for symbol MSFT: 404 Client Error:  for url: https://dataondemand.nasdaq.com/api/v1/historical/MSFT?apiKey=5hSXmst5GSPX2F2VauxN&startDate=2023-01-01&endDate=2023-12-31
2024-07-09 04:28:27,232 ERROR Nasdaq: Error fetching data for symbol GOOG: 404 Client Error:  for url: https://dataondemand.nasdaq.com/api/v1/historical/GOOG?apiKey=5hSXmst5GSPX2F2VauxN&startDate=2023-01-01&endDate=2023-12-31
2024-07-09 04:38:48,357 ERROR Nasdaq: Error fetching data for symbol AAPL: 404 Client Error:  for url: https://dataondemand.nasdaq.com/api/v1/historical/AAPL?apiKey=5hSXmst5GSPX2F2VauxN&startDate=2023-01-01&endDate=2023-12-31
2024-07-09 04:38:48,732 ERROR Nasdaq: Error fetching data for symbol MSFT: 404 Client Error:  for url: https://dataondemand.nasdaq.com/api/v1/historical/MSFT?apiKey=5hSXmst5GSPX2F2VauxN&startDate=2023-01-01&endDate=2023-12-31
2024-07-09 04:38:49,017 ERROR Nasdaq: Error fetching data for symbol GOOG: 404 Client Error:  for url: https://dataondemand.nasdaq.com/api/v1/historical/GOOG?apiKey=5hSXmst5GSPX2F2VauxN&startDate=2023-01-01&endDate=2023-12-31
2024-07-09 08:17:21,636 ERROR Nasdaq: Error fetching data for symbol AAPL: 404, message='', url=URL('https://dataondemand.nasdaq.com/api/v1/historical/AAPL?apiKey=5hSXmst5GSPX2F2VauxN&startDate=2022-01-01&endDate=2022-12-31')
2024-07-09 08:20:14,058 ERROR Nasdaq: Error fetching data for symbol AAPL: 404 Client Error:  for url: https://dataondemand.nasdaq.com/api/v1/historical/AAPL?apiKey=5hSXmst5GSPX2F2VauxN&startDate=2023-01-01&endDate=2023-12-31
2024-07-09 08:20:17,832 ERROR Nasdaq: Error fetching data for symbol MSFT: 404 Client Error:  for url: https://dataondemand.nasdaq.com/api/v1/historical/MSFT?apiKey=5hSXmst5GSPX2F2VauxN&startDate=2023-01-01&endDate=2023-12-31
2024-07-09 08:20:22,066 ERROR Nasdaq: Error fetching data for symbol GOOG: 404 Client Error:  for url: https://dataondemand.nasdaq.com/api/v1/historical/GOOG?apiKey=5hSXmst5GSPX2F2VauxN&startDate=2023-01-01&endDate=2023-12-31
2024-07-09 12:26:25,323 ERROR AlphaVantage: Error fetching data for symbol AAPL: ('Connection aborted.', ConnectionResetError(10054, 'An existing connection was forcibly closed by the remote host', None, 10054, None))
2024-07-09 12:26:37,324 ERROR AlphaVantage: Error fetching data for symbol MSFT: ('Connection aborted.', ConnectionResetError(10054, 'An existing connection was forcibly closed by the remote host', None, 10054, None))
2024-07-09 12:26:49,748 ERROR Nasdaq: Error fetching data for symbol AAPL: 404 Client Error:  for url: https://dataondemand.nasdaq.com/api/v1/historical/AAPL?apiKey=5hSXmst5GSPX2F2VauxN&startDate=2023-01-01&endDate=2023-12-31
2024-07-09 12:26:50,322 ERROR Nasdaq: Error fetching data for symbol MSFT: 404 Client Error:  for url: https://dataondemand.nasdaq.com/api/v1/historical/MSFT?apiKey=5hSXmst5GSPX2F2VauxN&startDate=2023-01-01&endDate=2023-12-31
2024-07-09 12:26:50,704 ERROR Nasdaq: Error fetching data for symbol GOOG: 404 Client Error:  for url: https://dataondemand.nasdaq.com/api/v1/historical/GOOG?apiKey=5hSXmst5GSPX2F2VauxN&startDate=2023-01-01&endDate=2023-12-31
2024-07-09 12:33:05,884 ERROR Nasdaq: Error fetching data for symbol AAPL: 404, message='', url=URL('https://dataondemand.nasdaq.com/api/v1/historical/AAPL?apiKey=5hSXmst5GSPX2F2VauxN&startDate=2022-01-01&endDate=2022-12-31')
2024-07-09 12:36:10,853 ERROR Nasdaq: Error fetching data for symbol AAPL: 404 Client Error:  for url: https://dataondemand.nasdaq.com/api/v1/historical/AAPL?apiKey=5hSXmst5GSPX2F2VauxN&startDate=2022-01-01&endDate=2022-12-31
2024-07-09 12:37:24,297 ERROR Nasdaq: Error fetching data for symbol AAPL: 404 Client Error:  for url: https://dataondemand.nasdaq.com/api/v1/historical/AAPL?apiKey=5hSXmst5GSPX2F2VauxN&startDate=2022-01-01&endDate=2022-12-31
2024-07-09 12:37:25,324 ERROR Nasdaq: Error fetching real-time data for symbol AAPL: 404, message='', url=URL('https://dataondemand.nasdaq.com/api/v1/historical/AAPL/real-time?apiKey=5hSXmst5GSPX2F2VauxN')
2024-07-09 12:38:23,856 ERROR Nasdaq: Error fetching data for symbol AAPL: 404 Client Error:  for url: https://dataondemand.nasdaq.com/api/v1/historical/AAPL?apiKey=5hSXmst5GSPX2F2VauxN&startDate=2022-01-01&endDate=2022-12-31
2024-07-09 12:38:24,732 ERROR Nasdaq: Error fetching real-time data for symbol AAPL: 404, message='', url=URL('https://dataondemand.nasdaq.com/api/v1/historical/AAPL/real-time?apiKey=5hSXmst5GSPX2F2VauxN')
2024-07-09 12:39:19,929 ERROR Nasdaq: Error fetching data for symbol AAPL: 404 Client Error:  for url: https://dataondemand.nasdaq.com/api/v1/historical/AAPL?apiKey=5hSXmst5GSPX2F2VauxN&startDate=2022-01-01&endDate=2022-12-31
2024-07-09 12:39:21,694 ERROR Nasdaq: Error fetching real-time data for symbol AAPL: 404, message='', url=URL('https://dataondemand.nasdaq.com/api/v1/historical/AAPL/real-time?apiKey=5hSXmst5GSPX2F2VauxN')
2024-07-09 12:40:27,904 ERROR Nasdaq: Error fetching data for symbol AAPL: 404 Client Error:  for url: https://dataondemand.nasdaq.com/api/v1/historical/AAPL?apiKey=5hSXmst5GSPX2F2VauxN&startDate=2022-01-01&endDate=2022-12-31
2024-07-09 12:40:28,780 ERROR Nasdaq: Error fetching real-time data for symbol AAPL: 404, message='', url=URL('https://dataondemand.nasdaq.com/api/v1/historical/AAPL/real-time?apiKey=5hSXmst5GSPX2F2VauxN')
2024-07-09 12:41:20,350 ERROR Nasdaq: Error fetching data for symbol AAPL: 404 Client Error:  for url: https://dataondemand.nasdaq.com/api/v1/historical/AAPL?apiKey=5hSXmst5GSPX2F2VauxN&startDate=2022-01-01&endDate=2022-12-31
2024-07-09 12:41:21,375 ERROR Nasdaq: Error fetching real-time data for symbol AAPL: 404, message='', url=URL('https://dataondemand.nasdaq.com/api/v1/historical/AAPL/real-time?apiKey=5hSXmst5GSPX2F2VauxN')
2024-07-09 13:05:51,530 ERROR AlphaVantage: Error fetching data for symbol AAPL: HTTPSConnectionPool(host='www.alphavantage.co', port=443): Max retries exceeded with url: /query?function=TIME_SERIES_DAILY&symbol=AAPL&apikey=C6AG9NZX6QIPYTX4&outputsize=full&datatype=json (Caused by NewConnectionError('<urllib3.connection.HTTPSConnection object at 0x000001A84956DBA0>: Failed to establish a new connection: [Errno 11001] getaddrinfo failed'))
2024-07-09 13:05:51,533 ERROR AlphaVantage: Error fetching data for symbol MSFT: HTTPSConnectionPool(host='www.alphavantage.co', port=443): Max retries exceeded with url: /query?function=TIME_SERIES_DAILY&symbol=MSFT&apikey=C6AG9NZX6QIPYTX4&outputsize=full&datatype=json (Caused by NewConnectionError('<urllib3.connection.HTTPSConnection object at 0x000001A84956DB40>: Failed to establish a new connection: [Errno 11001] getaddrinfo failed'))
2024-07-09 13:05:51,535 ERROR AlphaVantage: Error fetching data for symbol GOOG: HTTPSConnectionPool(host='www.alphavantage.co', port=443): Max retries exceeded with url: /query?function=TIME_SERIES_DAILY&symbol=GOOG&apikey=C6AG9NZX6QIPYTX4&outputsize=full&datatype=json (Caused by NewConnectionError('<urllib3.connection.HTTPSConnection object at 0x000001A84956DBD0>: Failed to establish a new connection: [Errno 11001] getaddrinfo failed'))
2024-07-09 13:05:51,537 ERROR Nasdaq: Error fetching data for symbol AAPL: HTTPSConnectionPool(host='dataondemand.nasdaq.com', port=443): Max retries exceeded with url: /api/v1/historical/AAPL?apiKey=5hSXmst5GSPX2F2VauxN&startDate=2023-01-01&endDate=2023-12-31 (Caused by NewConnectionError('<urllib3.connection.HTTPSConnection object at 0x000001A84956DBD0>: Failed to establish a new connection: [Errno 11001] getaddrinfo failed'))
2024-07-09 13:05:51,539 ERROR Nasdaq: Error fetching data for symbol MSFT: HTTPSConnectionPool(host='dataondemand.nasdaq.com', port=443): Max retries exceeded with url: /api/v1/historical/MSFT?apiKey=5hSXmst5GSPX2F2VauxN&startDate=2023-01-01&endDate=2023-12-31 (Caused by NewConnectionError('<urllib3.connection.HTTPSConnection object at 0x000001A84956DA50>: Failed to establish a new connection: [Errno 11001] getaddrinfo failed'))
2024-07-09 13:05:51,542 ERROR Nasdaq: Error fetching data for symbol GOOG: HTTPSConnectionPool(host='dataondemand.nasdaq.com', port=443): Max retries exceeded with url: /api/v1/historical/GOOG?apiKey=5hSXmst5GSPX2F2VauxN&startDate=2023-01-01&endDate=2023-12-31 (Caused by NewConnectionError('<urllib3.connection.HTTPSConnection object at 0x000001A84956E650>: Failed to establish a new connection: [Errno 11001] getaddrinfo failed'))
2024-07-09 13:05:51,546 ERROR Polygon: Error fetching data for symbol AAPL: HTTPSConnectionPool(host='api.polygon.io', port=443): Max retries exceeded with url: /v2/aggs/ticker/AAPL/range/1/day/2023-01-01/2023-12-31?apiKey=ruqNOBWgLAXuiUM0ugL5WmxbkIdlELp4 (Caused by NewConnectionError('<urllib3.connection.HTTPSConnection object at 0x000001A84956DBD0>: Failed to establish a new connection: [Errno 11001] getaddrinfo failed'))
2024-07-09 13:05:51,548 ERROR Polygon: Error fetching data for symbol MSFT: HTTPSConnectionPool(host='api.polygon.io', port=443): Max retries exceeded with url: /v2/aggs/ticker/MSFT/range/1/day/2023-01-01/2023-12-31?apiKey=ruqNOBWgLAXuiUM0ugL5WmxbkIdlELp4 (Caused by NewConnectionError('<urllib3.connection.HTTPSConnection object at 0x000001A84956D930>: Failed to establish a new connection: [Errno 11001] getaddrinfo failed'))
2024-07-09 13:05:51,550 ERROR Polygon: Error fetching data for symbol GOOG: HTTPSConnectionPool(host='api.polygon.io', port=443): Max retries exceeded with url: /v2/aggs/ticker/GOOG/range/1/day/2023-01-01/2023-12-31?apiKey=ruqNOBWgLAXuiUM0ugL5WmxbkIdlELp4 (Caused by NewConnectionError('<urllib3.connection.HTTPSConnection object at 0x000001A84956DBA0>: Failed to establish a new connection: [Errno 11001] getaddrinfo failed'))
2024-07-09 13:16:25,467 ERROR Nasdaq: Error fetching data for symbol AAPL: 404 Client Error:  for url: https://dataondemand.nasdaq.com/api/v1/historical/AAPL?apiKey=5hSXmst5GSPX2F2VauxN&startDate=2023-01-01&endDate=2023-12-31
2024-07-09 13:16:25,749 ERROR Nasdaq: Error fetching data for symbol MSFT: 404 Client Error:  for url: https://dataondemand.nasdaq.com/api/v1/historical/MSFT?apiKey=5hSXmst5GSPX2F2VauxN&startDate=2023-01-01&endDate=2023-12-31
2024-07-09 13:16:26,090 ERROR Nasdaq: Error fetching data for symbol GOOG: 404 Client Error:  for url: https://dataondemand.nasdaq.com/api/v1/historical/GOOG?apiKey=5hSXmst5GSPX2F2VauxN&startDate=2023-01-01&endDate=2023-12-31
2024-07-09 13:16:28,626 ERROR 404 Error for URL: https://dataondemand.nasdaq.com/api/v1/real-time/GOOG?apiKey=5hSXmst5GSPX2F2VauxN. Check if the endpoint is correct.
2024-07-09 13:16:28,627 ERROR Nasdaq: Error fetching real-time data for symbol GOOG: 404, message='', url=URL('https://dataondemand.nasdaq.com/api/v1/real-time/GOOG?apiKey=5hSXmst5GSPX2F2VauxN')
2024-07-09 13:16:28,684 ERROR 404 Error for URL: https://dataondemand.nasdaq.com/api/v1/real-time/MSFT?apiKey=5hSXmst5GSPX2F2VauxN. Check if the endpoint is correct.
2024-07-09 13:16:28,685 ERROR 404 Error for URL: https://dataondemand.nasdaq.com/api/v1/real-time/AAPL?apiKey=5hSXmst5GSPX2F2VauxN. Check if the endpoint is correct.
2024-07-09 13:16:28,686 ERROR Nasdaq: Error fetching real-time data for symbol MSFT: 404, message='', url=URL('https://dataondemand.nasdaq.com/api/v1/real-time/MSFT?apiKey=5hSXmst5GSPX2F2VauxN')
2024-07-09 13:16:28,688 ERROR Nasdaq: Error fetching real-time data for symbol AAPL: 404, message='', url=URL('https://dataondemand.nasdaq.com/api/v1/real-time/AAPL?apiKey=5hSXmst5GSPX2F2VauxN')
2024-07-09 13:16:28,804 ERROR Polygon: Error fetching real-time data for symbol AAPL: 429, message='Too Many Requests', url=URL('https://api.polygon.io/v2/aggs/ticker/AAPL/prev?apiKey=ruqNOBWgLAXuiUM0ugL5WmxbkIdlELp4')
2024-07-09 16:50:44,161 ERROR Nasdaq: Error fetching data for symbol AAPL: 404 Client Error: Not Found for url: https://data.nasdaq.com/api/v1/historical/AAPL?apiKey=5hSXmst5GSPX2F2VauxN&startDate=2023-01-01&endDate=2023-12-31
2024-07-09 16:50:44,530 ERROR Nasdaq: Error fetching data for symbol MSFT: 404 Client Error: Not Found for url: https://data.nasdaq.com/api/v1/historical/MSFT?apiKey=5hSXmst5GSPX2F2VauxN&startDate=2023-01-01&endDate=2023-12-31
2024-07-09 16:50:45,497 ERROR Nasdaq: Error fetching data for symbol GOOG: 404 Client Error: Not Found for url: https://data.nasdaq.com/api/v1/historical/GOOG?apiKey=5hSXmst5GSPX2F2VauxN&startDate=2023-01-01&endDate=2023-12-31
2024-07-09 16:53:25,304 ERROR Nasdaq: Error fetching data for symbol AAPL: 404 Client Error: Not Found for url: https://data.nasdaq.com/api/v1/historical/AAPL?apiKey=5hSXmst5GSPX2F2VauxN&startDate=2022-01-01&endDate=2022-12-31
2024-07-09 16:53:27,619 ERROR 404 Error for URL: https://data.nasdaq.com/api/v1/last-quote/AAPL?apiKey=5hSXmst5GSPX2F2VauxN. Check if the endpoint is correct.
2024-07-09 16:53:27,620 ERROR Nasdaq: Error fetching real-time data for symbol AAPL: 404, message='Not Found', url=URL('https://data.nasdaq.com/api/v1/last-quote/AAPL?apiKey=5hSXmst5GSPX2F2VauxN')
2024-07-09 16:57:13,251 ERROR Polygon: Error fetching data for symbol AAPL: ('Connection aborted.', ConnectionResetError(10054, 'An existing connection was forcibly closed by the remote host', None, 10054, None))
2024-07-12 19:08:13,082 ERROR Nasdaq: Error fetching data for symbol AAPL: 404 Client Error:  for url: https://dataondemand.nasdaq.com/api/v1/historical/AAPL?apiKey=5hSXmst5GSPX2F2VauxN&startDate=2023-01-01&endDate=2023-12-31
2024-07-12 19:08:13,432 ERROR Nasdaq: Error fetching data for symbol MSFT: 404 Client Error:  for url: https://dataondemand.nasdaq.com/api/v1/historical/MSFT?apiKey=5hSXmst5GSPX2F2VauxN&startDate=2023-01-01&endDate=2023-12-31
2024-07-12 19:08:13,831 ERROR Nasdaq: Error fetching data for symbol GOOG: 404 Client Error:  for url: https://dataondemand.nasdaq.com/api/v1/historical/GOOG?apiKey=5hSXmst5GSPX2F2VauxN&startDate=2023-01-01&endDate=2023-12-31
2024-07-12 19:13:15,969 ERROR Nasdaq: Error fetching data for symbol AAPL: 404, message='', url=URL('https://dataondemand.nasdaq.com/api/v1/historical/AAPL?apiKey=5hSXmst5GSPX2F2VauxN&startDate=2022-01-01&endDate=2022-12-31')
2024-07-12 19:13:21,280 ERROR Nasdaq: Error fetching data for symbol AAPL: 404 Client Error:  for url: https://dataondemand.nasdaq.com/api/v1/historical/AAPL?apiKey=5hSXmst5GSPX2F2VauxN&startDate=2023-01-01&endDate=2023-12-31
2024-07-12 19:13:22,045 ERROR Nasdaq: Error fetching data for symbol MSFT: 404 Client Error:  for url: https://dataondemand.nasdaq.com/api/v1/historical/MSFT?apiKey=5hSXmst5GSPX2F2VauxN&startDate=2023-01-01&endDate=2023-12-31
2024-07-12 19:13:22,567 ERROR Nasdaq: Error fetching data for symbol GOOG: 404 Client Error:  for url: https://dataondemand.nasdaq.com/api/v1/historical/GOOG?apiKey=5hSXmst5GSPX2F2VauxN&startDate=2023-01-01&endDate=2023-12-31
2024-07-12 19:14:03,185 ERROR Nasdaq: Error fetching data for symbol AAPL: 404 Client Error:  for url: https://dataondemand.nasdaq.com/api/v1/historical/AAPL?apiKey=5hSXmst5GSPX2F2VauxN&startDate=2022-01-01&endDate=2022-12-31
2024-07-12 19:14:04,184 ERROR Nasdaq: Error fetching real-time data for symbol AAPL: 404, message='', url=URL('https://dataondemand.nasdaq.com/api/v1/historical/AAPL/real-time?apiKey=5hSXmst5GSPX2F2VauxN')
2024-07-12 19:18:29,546 ERROR Nasdaq: Error fetching data for symbol AAPL: 404, message='', url=URL('https://dataondemand.nasdaq.com/api/v1/historical/AAPL?apiKey=5hSXmst5GSPX2F2VauxN&startDate=2022-01-01&endDate=2022-12-31')
2024-07-14 18:10:59,005 WARNING AlphaVantage: Data for  is not in the expected format.
2024-07-14 18:23:33,018 WARNING AlphaVantage: Data for  tsla is not in the expected format.
2024-07-14 18:23:33,430 ERROR Polygon: Error fetching data for symbol sq: 400, message='Bad Request', url=URL('https://api.polygon.io/v2/aggs/ticker/sq/range/1/day/1900-01-01/2024-07-14?apiKey=ruqNOBWgLAXuiUM0ugL5WmxbkIdlELp4')
2024-07-14 18:23:33,627 ERROR Polygon: Error fetching data for symbol  tsla: 400, message='Bad Request', url=URL('https://api.polygon.io/v2/aggs/ticker/%20tsla/range/1/day/1900-01-01/2024-07-14?apiKey=ruqNOBWgLAXuiUM0ugL5WmxbkIdlELp4')
2024-07-14 18:30:18,154 WARNING Polygon: Data for sq is not in the expected format.
2024-07-14 18:31:50,972 ERROR Polygon: Error fetching data for symbol sq: 400, message='Bad Request', url=URL('https://api.polygon.io/v2/aggs/ticker/sq/range/1/day/1900-01-01/2024-07-14?apiKey=ruqNOBWgLAXuiUM0ugL5WmxbkIdlELp4')
2024-07-14 18:31:50,972 ERROR Polygon: Error fetching data for symbol sq: 400, message='Bad Request', url=URL('https://api.polygon.io/v2/aggs/ticker/sq/range/1/day/1900-01-01/2024-07-14?apiKey=ruqNOBWgLAXuiUM0ugL5WmxbkIdlELp4')
